{"$message_type":"diagnostic","level":"error","loc":{"path":"/home/williamz1008/Projects/MoonBit/qtgui/.mooncakes/Kaida-Amethyst/python/cpython/abstract.mbt","start":{"line":11,"col":1},"end":{"line":16,"col":35}},"message":"extern \"C\" is unsupported in wasm-gc backend.","error_code":4156}
{"$message_type":"diagnostic","level":"error","loc":{"path":"/home/williamz1008/Projects/MoonBit/qtgui/.mooncakes/Kaida-Amethyst/python/cpython/abstract.mbt","start":{"line":25,"col":1},"end":{"line":29,"col":41}},"message":"extern \"C\" is unsupported in wasm-gc backend.","error_code":4156}
{"$message_type":"diagnostic","level":"error","loc":{"path":"/home/williamz1008/Projects/MoonBit/qtgui/.mooncakes/Kaida-Amethyst/python/cpython/abstract.mbt","start":{"line":37,"col":1},"end":{"line":38,"col":85}},"message":"extern \"C\" is unsupported in wasm-gc backend.","error_code":4156}
{"$message_type":"diagnostic","level":"error","loc":{"path":"/home/williamz1008/Projects/MoonBit/qtgui/.mooncakes/Kaida-Amethyst/python/cpython/abstract.mbt","start":{"line":46,"col":1},"end":{"line":47,"col":80}},"message":"extern \"C\" is unsupported in wasm-gc backend.","error_code":4156}
{"$message_type":"diagnostic","level":"error","loc":{"path":"/home/williamz1008/Projects/MoonBit/qtgui/.mooncakes/Kaida-Amethyst/python/cpython/abstract.mbt","start":{"line":53,"col":1},"end":{"line":57,"col":38}},"message":"extern \"C\" is unsupported in wasm-gc backend.","error_code":4156}
{"$message_type":"diagnostic","level":"error","loc":{"path":"/home/williamz1008/Projects/MoonBit/qtgui/.mooncakes/Kaida-Amethyst/python/cpython/abstract.mbt","start":{"line":64,"col":1},"end":{"line":69,"col":31}},"message":"extern \"C\" is unsupported in wasm-gc backend.","error_code":4156}
{"$message_type":"diagnostic","level":"error","loc":{"path":"/home/williamz1008/Projects/MoonBit/qtgui/.mooncakes/Kaida-Amethyst/python/cpython/abstract.mbt","start":{"line":75,"col":1},"end":{"line":79,"col":36}},"message":"extern \"C\" is unsupported in wasm-gc backend.","error_code":4156}
{"$message_type":"diagnostic","level":"error","loc":{"path":"/home/williamz1008/Projects/MoonBit/qtgui/.mooncakes/Kaida-Amethyst/python/cpython/abstract.mbt","start":{"line":85,"col":1},"end":{"line":89,"col":30}},"message":"extern \"C\" is unsupported in wasm-gc backend.","error_code":4156}
{"$message_type":"diagnostic","level":"error","loc":{"path":"/home/williamz1008/Projects/MoonBit/qtgui/.mooncakes/Kaida-Amethyst/python/cpython/abstract.mbt","start":{"line":93,"col":1},"end":{"line":97,"col":37}},"message":"extern \"C\" is unsupported in wasm-gc backend.","error_code":4156}
{"$message_type":"diagnostic","level":"error","loc":{"path":"/home/williamz1008/Projects/MoonBit/qtgui/.mooncakes/Kaida-Amethyst/python/cpython/abstract.mbt","start":{"line":102,"col":1},"end":{"line":103,"col":92}},"message":"extern \"C\" is unsupported in wasm-gc backend.","error_code":4156}
{"$message_type":"diagnostic","level":"error","loc":{"path":"/home/williamz1008/Projects/MoonBit/qtgui/.mooncakes/Kaida-Amethyst/python/cpython/abstract.mbt","start":{"line":108,"col":1},"end":{"line":109,"col":74}},"message":"extern \"C\" is unsupported in wasm-gc backend.","error_code":4156}
{"$message_type":"diagnostic","level":"error","loc":{"path":"/home/williamz1008/Projects/MoonBit/qtgui/.mooncakes/Kaida-Amethyst/python/cpython/abstract.mbt","start":{"line":118,"col":1},"end":{"line":119,"col":81}},"message":"extern \"C\" is unsupported in wasm-gc backend.","error_code":4156}
{"$message_type":"diagnostic","level":"error","loc":{"path":"/home/williamz1008/Projects/MoonBit/qtgui/.mooncakes/Kaida-Amethyst/python/cpython/abstract.mbt","start":{"line":124,"col":1},"end":{"line":125,"col":78}},"message":"extern \"C\" is unsupported in wasm-gc backend.","error_code":4156}
{"$message_type":"diagnostic","level":"error","loc":{"path":"/home/williamz1008/Projects/MoonBit/qtgui/.mooncakes/Kaida-Amethyst/python/cpython/abstract.mbt","start":{"line":130,"col":1},"end":{"line":134,"col":34}},"message":"extern \"C\" is unsupported in wasm-gc backend.","error_code":4156}
{"$message_type":"diagnostic","level":"error","loc":{"path":"/home/williamz1008/Projects/MoonBit/qtgui/.mooncakes/Kaida-Amethyst/python/cpython/abstract.mbt","start":{"line":139,"col":1},"end":{"line":143,"col":39}},"message":"extern \"C\" is unsupported in wasm-gc backend.","error_code":4156}
{"$message_type":"diagnostic","level":"error","loc":{"path":"/home/williamz1008/Projects/MoonBit/qtgui/.mooncakes/Kaida-Amethyst/python/cpython/abstract.mbt","start":{"line":148,"col":1},"end":{"line":152,"col":39}},"message":"extern \"C\" is unsupported in wasm-gc backend.","error_code":4156}
{"$message_type":"diagnostic","level":"error","loc":{"path":"/home/williamz1008/Projects/MoonBit/qtgui/.mooncakes/Kaida-Amethyst/python/cpython/abstract.mbt","start":{"line":158,"col":1},"end":{"line":162,"col":42}},"message":"extern \"C\" is unsupported in wasm-gc backend.","error_code":4156}
{"$message_type":"diagnostic","level":"error","loc":{"path":"/home/williamz1008/Projects/MoonBit/qtgui/.mooncakes/Kaida-Amethyst/python/cpython/abstract.mbt","start":{"line":168,"col":1},"end":{"line":172,"col":41}},"message":"extern \"C\" is unsupported in wasm-gc backend.","error_code":4156}
{"$message_type":"diagnostic","level":"error","loc":{"path":"/home/williamz1008/Projects/MoonBit/qtgui/.mooncakes/Kaida-Amethyst/python/cpython/abstract.mbt","start":{"line":177,"col":1},"end":{"line":181,"col":40}},"message":"extern \"C\" is unsupported in wasm-gc backend.","error_code":4156}
{"$message_type":"diagnostic","level":"error","loc":{"path":"/home/williamz1008/Projects/MoonBit/qtgui/.mooncakes/Kaida-Amethyst/python/cpython/abstract.mbt","start":{"line":188,"col":1},"end":{"line":192,"col":37}},"message":"extern \"C\" is unsupported in wasm-gc backend.","error_code":4156}
{"$message_type":"diagnostic","level":"error","loc":{"path":"/home/williamz1008/Projects/MoonBit/qtgui/.mooncakes/Kaida-Amethyst/python/cpython/abstract.mbt","start":{"line":198,"col":1},"end":{"line":203,"col":36}},"message":"extern \"C\" is unsupported in wasm-gc backend.","error_code":4156}
{"$message_type":"diagnostic","level":"error","loc":{"path":"/home/williamz1008/Projects/MoonBit/qtgui/.mooncakes/Kaida-Amethyst/python/cpython/abstract.mbt","start":{"line":208,"col":1},"end":{"line":209,"col":92}},"message":"extern \"C\" is unsupported in wasm-gc backend.","error_code":4156}
{"$message_type":"diagnostic","level":"error","loc":{"path":"/home/williamz1008/Projects/MoonBit/qtgui/.mooncakes/Kaida-Amethyst/python/cpython/abstract.mbt","start":{"line":214,"col":1},"end":{"line":215,"col":92}},"message":"extern \"C\" is unsupported in wasm-gc backend.","error_code":4156}
{"$message_type":"diagnostic","level":"error","loc":{"path":"/home/williamz1008/Projects/MoonBit/qtgui/.mooncakes/Kaida-Amethyst/python/cpython/abstract.mbt","start":{"line":220,"col":1},"end":{"line":221,"col":92}},"message":"extern \"C\" is unsupported in wasm-gc backend.","error_code":4156}
{"$message_type":"diagnostic","level":"error","loc":{"path":"/home/williamz1008/Projects/MoonBit/qtgui/.mooncakes/Kaida-Amethyst/python/cpython/abstract.mbt","start":{"line":226,"col":1},"end":{"line":227,"col":88}},"message":"extern \"C\" is unsupported in wasm-gc backend.","error_code":4156}
{"$message_type":"diagnostic","level":"error","loc":{"path":"/home/williamz1008/Projects/MoonBit/qtgui/.mooncakes/Kaida-Amethyst/python/cpython/abstract.mbt","start":{"line":232,"col":1},"end":{"line":236,"col":37}},"message":"extern \"C\" is unsupported in wasm-gc backend.","error_code":4156}
{"$message_type":"diagnostic","level":"error","loc":{"path":"/home/williamz1008/Projects/MoonBit/qtgui/.mooncakes/Kaida-Amethyst/python/cpython/abstract.mbt","start":{"line":242,"col":1},"end":{"line":246,"col":37}},"message":"extern \"C\" is unsupported in wasm-gc backend.","error_code":4156}
{"$message_type":"diagnostic","level":"error","loc":{"path":"/home/williamz1008/Projects/MoonBit/qtgui/.mooncakes/Kaida-Amethyst/python/cpython/abstract.mbt","start":{"line":252,"col":1},"end":{"line":256,"col":34}},"message":"extern \"C\" is unsupported in wasm-gc backend.","error_code":4156}
{"$message_type":"diagnostic","level":"error","loc":{"path":"/home/williamz1008/Projects/MoonBit/qtgui/.mooncakes/Kaida-Amethyst/python/cpython/abstract.mbt","start":{"line":261,"col":1},"end":{"line":265,"col":34}},"message":"extern \"C\" is unsupported in wasm-gc backend.","error_code":4156}
{"$message_type":"diagnostic","level":"error","loc":{"path":"/home/williamz1008/Projects/MoonBit/qtgui/.mooncakes/Kaida-Amethyst/python/cpython/abstract.mbt","start":{"line":271,"col":1},"end":{"line":275,"col":33}},"message":"extern \"C\" is unsupported in wasm-gc backend.","error_code":4156}
{"$message_type":"diagnostic","level":"error","loc":{"path":"/home/williamz1008/Projects/MoonBit/qtgui/.mooncakes/Kaida-Amethyst/python/cpython/abstract.mbt","start":{"line":279,"col":1},"end":{"line":280,"col":76}},"message":"extern \"C\" is unsupported in wasm-gc backend.","error_code":4156}
{"$message_type":"diagnostic","level":"error","loc":{"path":"/home/williamz1008/Projects/MoonBit/qtgui/.mooncakes/Kaida-Amethyst/python/cpython/abstract.mbt","start":{"line":284,"col":1},"end":{"line":285,"col":86}},"message":"extern \"C\" is unsupported in wasm-gc backend.","error_code":4156}
{"$message_type":"diagnostic","level":"error","loc":{"path":"/home/williamz1008/Projects/MoonBit/qtgui/.mooncakes/Kaida-Amethyst/python/cpython/abstract.mbt","start":{"line":293,"col":1},"end":{"line":297,"col":32}},"message":"extern \"C\" is unsupported in wasm-gc backend.","error_code":4156}
{"$message_type":"diagnostic","level":"error","loc":{"path":"/home/williamz1008/Projects/MoonBit/qtgui/.mooncakes/Kaida-Amethyst/python/cpython/abstract.mbt","start":{"line":303,"col":1},"end":{"line":304,"col":84}},"message":"extern \"C\" is unsupported in wasm-gc backend.","error_code":4156}
{"$message_type":"diagnostic","level":"error","loc":{"path":"/home/williamz1008/Projects/MoonBit/qtgui/.mooncakes/Kaida-Amethyst/python/cpython/abstract.mbt","start":{"line":310,"col":1},"end":{"line":311,"col":86}},"message":"extern \"C\" is unsupported in wasm-gc backend.","error_code":4156}
{"$message_type":"diagnostic","level":"error","loc":{"path":"/home/williamz1008/Projects/MoonBit/qtgui/.mooncakes/Kaida-Amethyst/python/cpython/abstract.mbt","start":{"line":317,"col":1},"end":{"line":321,"col":41}},"message":"extern \"C\" is unsupported in wasm-gc backend.","error_code":4156}
{"$message_type":"diagnostic","level":"error","loc":{"path":"/home/williamz1008/Projects/MoonBit/qtgui/.mooncakes/Kaida-Amethyst/python/cpython/abstract.mbt","start":{"line":327,"col":1},"end":{"line":331,"col":46}},"message":"extern \"C\" is unsupported in wasm-gc backend.","error_code":4156}
{"$message_type":"diagnostic","level":"error","loc":{"path":"/home/williamz1008/Projects/MoonBit/qtgui/.mooncakes/Kaida-Amethyst/python/cpython/abstract.mbt","start":{"line":337,"col":1},"end":{"line":341,"col":46}},"message":"extern \"C\" is unsupported in wasm-gc backend.","error_code":4156}
{"$message_type":"diagnostic","level":"error","loc":{"path":"/home/williamz1008/Projects/MoonBit/qtgui/.mooncakes/Kaida-Amethyst/python/cpython/abstract.mbt","start":{"line":344,"col":1},"end":{"line":348,"col":49}},"message":"extern \"C\" is unsupported in wasm-gc backend.","error_code":4156}
{"$message_type":"diagnostic","level":"error","loc":{"path":"/home/williamz1008/Projects/MoonBit/qtgui/.mooncakes/Kaida-Amethyst/python/cpython/abstract.mbt","start":{"line":354,"col":1},"end":{"line":358,"col":48}},"message":"extern \"C\" is unsupported in wasm-gc backend.","error_code":4156}
{"$message_type":"diagnostic","level":"error","loc":{"path":"/home/williamz1008/Projects/MoonBit/qtgui/.mooncakes/Kaida-Amethyst/python/cpython/abstract.mbt","start":{"line":364,"col":1},"end":{"line":368,"col":47}},"message":"extern \"C\" is unsupported in wasm-gc backend.","error_code":4156}
{"$message_type":"diagnostic","level":"error","loc":{"path":"/home/williamz1008/Projects/MoonBit/qtgui/.mooncakes/Kaida-Amethyst/python/cpython/abstract.mbt","start":{"line":375,"col":1},"end":{"line":380,"col":43}},"message":"extern \"C\" is unsupported in wasm-gc backend.","error_code":4156}
{"$message_type":"diagnostic","level":"error","loc":{"path":"/home/williamz1008/Projects/MoonBit/qtgui/.mooncakes/Kaida-Amethyst/python/cpython/abstract.mbt","start":{"line":386,"col":1},"end":{"line":390,"col":44}},"message":"extern \"C\" is unsupported in wasm-gc backend.","error_code":4156}
{"$message_type":"diagnostic","level":"error","loc":{"path":"/home/williamz1008/Projects/MoonBit/qtgui/.mooncakes/Kaida-Amethyst/python/cpython/abstract.mbt","start":{"line":396,"col":1},"end":{"line":400,"col":44}},"message":"extern \"C\" is unsupported in wasm-gc backend.","error_code":4156}
{"$message_type":"diagnostic","level":"error","loc":{"path":"/home/williamz1008/Projects/MoonBit/qtgui/.mooncakes/Kaida-Amethyst/python/cpython/abstract.mbt","start":{"line":406,"col":1},"end":{"line":410,"col":41}},"message":"extern \"C\" is unsupported in wasm-gc backend.","error_code":4156}
{"$message_type":"diagnostic","level":"error","loc":{"path":"/home/williamz1008/Projects/MoonBit/qtgui/.mooncakes/Kaida-Amethyst/python/cpython/abstract.mbt","start":{"line":416,"col":1},"end":{"line":420,"col":41}},"message":"extern \"C\" is unsupported in wasm-gc backend.","error_code":4156}
{"$message_type":"diagnostic","level":"error","loc":{"path":"/home/williamz1008/Projects/MoonBit/qtgui/.mooncakes/Kaida-Amethyst/python/cpython/abstract.mbt","start":{"line":426,"col":1},"end":{"line":430,"col":40}},"message":"extern \"C\" is unsupported in wasm-gc backend.","error_code":4156}
{"$message_type":"diagnostic","level":"error","loc":{"path":"/home/williamz1008/Projects/MoonBit/qtgui/.mooncakes/Kaida-Amethyst/python/cpython/abstract.mbt","start":{"line":436,"col":1},"end":{"line":440,"col":37}},"message":"extern \"C\" is unsupported in wasm-gc backend.","error_code":4156}
{"$message_type":"diagnostic","level":"error","loc":{"path":"/home/williamz1008/Projects/MoonBit/qtgui/.mooncakes/Kaida-Amethyst/python/cpython/abstract.mbt","start":{"line":446,"col":1},"end":{"line":447,"col":82}},"message":"extern \"C\" is unsupported in wasm-gc backend.","error_code":4156}
{"$message_type":"diagnostic","level":"error","loc":{"path":"/home/williamz1008/Projects/MoonBit/qtgui/.mooncakes/Kaida-Amethyst/python/cpython/abstract.mbt","start":{"line":450,"col":1},"end":{"line":451,"col":80}},"message":"extern \"C\" is unsupported in wasm-gc backend.","error_code":4156}
{"$message_type":"diagnostic","level":"error","loc":{"path":"/home/williamz1008/Projects/MoonBit/qtgui/.mooncakes/Kaida-Amethyst/python/cpython/abstract.mbt","start":{"line":456,"col":1},"end":{"line":460,"col":39}},"message":"extern \"C\" is unsupported in wasm-gc backend.","error_code":4156}
{"$message_type":"diagnostic","level":"error","loc":{"path":"/home/williamz1008/Projects/MoonBit/qtgui/.mooncakes/Kaida-Amethyst/python/cpython/abstract.mbt","start":{"line":466,"col":1},"end":{"line":470,"col":39}},"message":"extern \"C\" is unsupported in wasm-gc backend.","error_code":4156}
{"$message_type":"diagnostic","level":"error","loc":{"path":"/home/williamz1008/Projects/MoonBit/qtgui/.mooncakes/Kaida-Amethyst/python/cpython/abstract.mbt","start":{"line":475,"col":1},"end":{"line":479,"col":40}},"message":"extern \"C\" is unsupported in wasm-gc backend.","error_code":4156}
{"$message_type":"diagnostic","level":"error","loc":{"path":"/home/williamz1008/Projects/MoonBit/qtgui/.mooncakes/Kaida-Amethyst/python/cpython/abstract.mbt","start":{"line":484,"col":1},"end":{"line":489,"col":41}},"message":"extern \"C\" is unsupported in wasm-gc backend.","error_code":4156}
{"$message_type":"diagnostic","level":"error","loc":{"path":"/home/williamz1008/Projects/MoonBit/qtgui/.mooncakes/Kaida-Amethyst/python/cpython/abstract.mbt","start":{"line":495,"col":1},"end":{"line":500,"col":32}},"message":"extern \"C\" is unsupported in wasm-gc backend.","error_code":4156}
{"$message_type":"diagnostic","level":"error","loc":{"path":"/home/williamz1008/Projects/MoonBit/qtgui/.mooncakes/Kaida-Amethyst/python/cpython/abstract.mbt","start":{"line":505,"col":1},"end":{"line":506,"col":101}},"message":"extern \"C\" is unsupported in wasm-gc backend.","error_code":4156}
{"$message_type":"diagnostic","level":"error","loc":{"path":"/home/williamz1008/Projects/MoonBit/qtgui/.mooncakes/Kaida-Amethyst/python/cpython/abstract.mbt","start":{"line":512,"col":1},"end":{"line":518,"col":33}},"message":"extern \"C\" is unsupported in wasm-gc backend.","error_code":4156}
{"$message_type":"diagnostic","level":"error","loc":{"path":"/home/williamz1008/Projects/MoonBit/qtgui/.mooncakes/Kaida-Amethyst/python/cpython/abstract.mbt","start":{"line":524,"col":1},"end":{"line":529,"col":33}},"message":"extern \"C\" is unsupported in wasm-gc backend.","error_code":4156}
{"$message_type":"diagnostic","level":"error","loc":{"path":"/home/williamz1008/Projects/MoonBit/qtgui/.mooncakes/Kaida-Amethyst/python/cpython/abstract.mbt","start":{"line":534,"col":1},"end":{"line":535,"col":90}},"message":"extern \"C\" is unsupported in wasm-gc backend.","error_code":4156}
{"$message_type":"diagnostic","level":"error","loc":{"path":"/home/williamz1008/Projects/MoonBit/qtgui/.mooncakes/Kaida-Amethyst/python/cpython/abstract.mbt","start":{"line":539,"col":1},"end":{"line":540,"col":88}},"message":"extern \"C\" is unsupported in wasm-gc backend.","error_code":4156}
{"$message_type":"diagnostic","level":"error","loc":{"path":"/home/williamz1008/Projects/MoonBit/qtgui/.mooncakes/Kaida-Amethyst/python/cpython/abstract.mbt","start":{"line":549,"col":1},"end":{"line":550,"col":100}},"message":"extern \"C\" is unsupported in wasm-gc backend.","error_code":4156}
{"$message_type":"diagnostic","level":"error","loc":{"path":"/home/williamz1008/Projects/MoonBit/qtgui/.mooncakes/Kaida-Amethyst/python/cpython/abstract.mbt","start":{"line":555,"col":1},"end":{"line":559,"col":30}},"message":"extern \"C\" is unsupported in wasm-gc backend.","error_code":4156}
{"$message_type":"diagnostic","level":"error","loc":{"path":"/home/williamz1008/Projects/MoonBit/qtgui/.mooncakes/Kaida-Amethyst/python/cpython/abstract.mbt","start":{"line":565,"col":1},"end":{"line":569,"col":33}},"message":"extern \"C\" is unsupported in wasm-gc backend.","error_code":4156}
{"$message_type":"diagnostic","level":"error","loc":{"path":"/home/williamz1008/Projects/MoonBit/qtgui/.mooncakes/Kaida-Amethyst/python/cpython/abstract.mbt","start":{"line":574,"col":1},"end":{"line":578,"col":30}},"message":"extern \"C\" is unsupported in wasm-gc backend.","error_code":4156}
{"$message_type":"diagnostic","level":"error","loc":{"path":"/home/williamz1008/Projects/MoonBit/qtgui/.mooncakes/Kaida-Amethyst/python/cpython/abstract.mbt","start":{"line":584,"col":1},"end":{"line":588,"col":46}},"message":"extern \"C\" is unsupported in wasm-gc backend.","error_code":4156}
{"$message_type":"diagnostic","level":"error","loc":{"path":"/home/williamz1008/Projects/MoonBit/qtgui/.mooncakes/Kaida-Amethyst/python/cpython/abstract.mbt","start":{"line":594,"col":1},"end":{"line":598,"col":46}},"message":"extern \"C\" is unsupported in wasm-gc backend.","error_code":4156}
{"$message_type":"diagnostic","level":"error","loc":{"path":"/home/williamz1008/Projects/MoonBit/qtgui/.mooncakes/Kaida-Amethyst/python/cpython/abstract.mbt","start":{"line":603,"col":1},"end":{"line":604,"col":80}},"message":"extern \"C\" is unsupported in wasm-gc backend.","error_code":4156}
{"$message_type":"diagnostic","level":"error","loc":{"path":"/home/williamz1008/Projects/MoonBit/qtgui/.mooncakes/Kaida-Amethyst/python/cpython/abstract.mbt","start":{"line":608,"col":1},"end":{"line":609,"col":78}},"message":"extern \"C\" is unsupported in wasm-gc backend.","error_code":4156}
{"$message_type":"diagnostic","level":"error","loc":{"path":"/home/williamz1008/Projects/MoonBit/qtgui/.mooncakes/Kaida-Amethyst/python/cpython/abstract.mbt","start":{"line":617,"col":1},"end":{"line":621,"col":36}},"message":"extern \"C\" is unsupported in wasm-gc backend.","error_code":4156}
{"$message_type":"diagnostic","level":"error","loc":{"path":"/home/williamz1008/Projects/MoonBit/qtgui/.mooncakes/Kaida-Amethyst/python/cpython/abstract.mbt","start":{"line":628,"col":1},"end":{"line":632,"col":30}},"message":"extern \"C\" is unsupported in wasm-gc backend.","error_code":4156}
{"$message_type":"diagnostic","level":"error","loc":{"path":"/home/williamz1008/Projects/MoonBit/qtgui/.mooncakes/Kaida-Amethyst/python/cpython/abstract.mbt","start":{"line":636,"col":1},"end":{"line":637,"col":86}},"message":"extern \"C\" is unsupported in wasm-gc backend.","error_code":4156}
{"$message_type":"diagnostic","level":"error","loc":{"path":"/home/williamz1008/Projects/MoonBit/qtgui/.mooncakes/Kaida-Amethyst/python/cpython/abstract.mbt","start":{"line":641,"col":1},"end":{"line":642,"col":90}},"message":"extern \"C\" is unsupported in wasm-gc backend.","error_code":4156}
{"$message_type":"diagnostic","level":"error","loc":{"path":"/home/williamz1008/Projects/MoonBit/qtgui/.mooncakes/Kaida-Amethyst/python/cpython/abstract.mbt","start":{"line":647,"col":1},"end":{"line":648,"col":88}},"message":"extern \"C\" is unsupported in wasm-gc backend.","error_code":4156}
{"$message_type":"diagnostic","level":"error","loc":{"path":"/home/williamz1008/Projects/MoonBit/qtgui/.mooncakes/Kaida-Amethyst/python/cpython/abstract.mbt","start":{"line":651,"col":1},"end":{"line":655,"col":45}},"message":"extern \"C\" is unsupported in wasm-gc backend.","error_code":4156}
{"$message_type":"diagnostic","level":"error","loc":{"path":"/home/williamz1008/Projects/MoonBit/qtgui/.mooncakes/Kaida-Amethyst/python/cpython/abstract.mbt","start":{"line":658,"col":1},"end":{"line":663,"col":37}},"message":"extern \"C\" is unsupported in wasm-gc backend.","error_code":4156}
{"$message_type":"diagnostic","level":"error","loc":{"path":"/home/williamz1008/Projects/MoonBit/qtgui/.mooncakes/Kaida-Amethyst/python/cpython/abstract.mbt","start":{"line":666,"col":1},"end":{"line":670,"col":33}},"message":"extern \"C\" is unsupported in wasm-gc backend.","error_code":4156}
{"$message_type":"diagnostic","level":"error","loc":{"path":"/home/williamz1008/Projects/MoonBit/qtgui/.mooncakes/Kaida-Amethyst/python/cpython/abstract.mbt","start":{"line":673,"col":1},"end":{"line":677,"col":33}},"message":"extern \"C\" is unsupported in wasm-gc backend.","error_code":4156}
{"$message_type":"diagnostic","level":"error","loc":{"path":"/home/williamz1008/Projects/MoonBit/qtgui/.mooncakes/Kaida-Amethyst/python/cpython/cell.mbt","start":{"line":4,"col":1},"end":{"line":5,"col":77}},"message":"extern \"C\" is unsupported in wasm-gc backend.","error_code":4156}
{"$message_type":"diagnostic","level":"error","loc":{"path":"/home/williamz1008/Projects/MoonBit/qtgui/.mooncakes/Kaida-Amethyst/python/cpython/cell.mbt","start":{"line":8,"col":1},"end":{"line":9,"col":77}},"message":"extern \"C\" is unsupported in wasm-gc backend.","error_code":4156}
{"$message_type":"diagnostic","level":"error","loc":{"path":"/home/williamz1008/Projects/MoonBit/qtgui/.mooncakes/Kaida-Amethyst/python/cpython/cell.mbt","start":{"line":12,"col":1},"end":{"line":13,"col":86}},"message":"extern \"C\" is unsupported in wasm-gc backend.","error_code":4156}
{"$message_type":"diagnostic","level":"error","loc":{"path":"/home/williamz1008/Projects/MoonBit/qtgui/.mooncakes/Kaida-Amethyst/python/cpython/cell.mbt","start":{"line":18,"col":1},"end":{"line":23,"col":37}},"message":"extern \"C\" is unsupported in wasm-gc backend.","error_code":4156}
{"$message_type":"diagnostic","level":"error","loc":{"path":"/home/williamz1008/Projects/MoonBit/qtgui/.mooncakes/Kaida-Amethyst/python/cpython/ceval.mbt","start":{"line":4,"col":1},"end":{"line":9,"col":51}},"message":"extern \"C\" is unsupported in wasm-gc backend.","error_code":4156}
{"$message_type":"diagnostic","level":"error","loc":{"path":"/home/williamz1008/Projects/MoonBit/qtgui/.mooncakes/Kaida-Amethyst/python/cpython/ceval.mbt","start":{"line":17,"col":1},"end":{"line":17,"col":79}},"message":"extern \"C\" is unsupported in wasm-gc backend.","error_code":4156}
{"$message_type":"diagnostic","level":"error","loc":{"path":"/home/williamz1008/Projects/MoonBit/qtgui/.mooncakes/Kaida-Amethyst/python/cpython/ceval.mbt","start":{"line":20,"col":1},"end":{"line":20,"col":77}},"message":"extern \"C\" is unsupported in wasm-gc backend.","error_code":4156}
{"$message_type":"diagnostic","level":"error","loc":{"path":"/home/williamz1008/Projects/MoonBit/qtgui/.mooncakes/Kaida-Amethyst/python/cpython/ceval.mbt","start":{"line":23,"col":1},"end":{"line":23,"col":75}},"message":"extern \"C\" is unsupported in wasm-gc backend.","error_code":4156}
{"$message_type":"diagnostic","level":"error","loc":{"path":"/home/williamz1008/Projects/MoonBit/qtgui/.mooncakes/Kaida-Amethyst/python/cpython/ceval.mbt","start":{"line":29,"col":1},"end":{"line":29,"col":73}},"message":"extern \"C\" is unsupported in wasm-gc backend.","error_code":4156}
{"$message_type":"diagnostic","level":"error","loc":{"path":"/home/williamz1008/Projects/MoonBit/qtgui/.mooncakes/Kaida-Amethyst/python/cpython/ceval.mbt","start":{"line":32,"col":1},"end":{"line":32,"col":75}},"message":"extern \"C\" is unsupported in wasm-gc backend.","error_code":4156}
{"$message_type":"diagnostic","level":"error","loc":{"path":"/home/williamz1008/Projects/MoonBit/qtgui/.mooncakes/Kaida-Amethyst/python/cpython/ceval.mbt","start":{"line":35,"col":1},"end":{"line":35,"col":75}},"message":"extern \"C\" is unsupported in wasm-gc backend.","error_code":4156}
{"$message_type":"diagnostic","level":"error","loc":{"path":"/home/williamz1008/Projects/MoonBit/qtgui/.mooncakes/Kaida-Amethyst/python/cpython/ceval.mbt","start":{"line":38,"col":1},"end":{"line":39,"col":88}},"message":"extern \"C\" is unsupported in wasm-gc backend.","error_code":4156}
{"$message_type":"diagnostic","level":"error","loc":{"path":"/home/williamz1008/Projects/MoonBit/qtgui/.mooncakes/Kaida-Amethyst/python/cpython/ceval.mbt","start":{"line":42,"col":1},"end":{"line":43,"col":88}},"message":"extern \"C\" is unsupported in wasm-gc backend.","error_code":4156}
{"$message_type":"diagnostic","level":"error","loc":{"path":"/home/williamz1008/Projects/MoonBit/qtgui/.mooncakes/Kaida-Amethyst/python/cpython/ceval.mbt","start":{"line":46,"col":1},"end":{"line":46,"col":82}},"message":"extern \"C\" is unsupported in wasm-gc backend.","error_code":4156}
{"$message_type":"diagnostic","level":"error","loc":{"path":"/home/williamz1008/Projects/MoonBit/qtgui/.mooncakes/Kaida-Amethyst/python/cpython/ceval.mbt","start":{"line":49,"col":1},"end":{"line":50,"col":88}},"message":"extern \"C\" is unsupported in wasm-gc backend.","error_code":4156}
{"$message_type":"diagnostic","level":"error","loc":{"path":"/home/williamz1008/Projects/MoonBit/qtgui/.mooncakes/Kaida-Amethyst/python/cpython/ceval.mbt","start":{"line":53,"col":1},"end":{"line":53,"col":85}},"message":"extern \"C\" is unsupported in wasm-gc backend.","error_code":4156}
{"$message_type":"diagnostic","level":"error","loc":{"path":"/home/williamz1008/Projects/MoonBit/qtgui/.mooncakes/Kaida-Amethyst/python/cpython/ceval.mbt","start":{"line":56,"col":1},"end":{"line":56,"col":64}},"message":"extern \"C\" is unsupported in wasm-gc backend.","error_code":4156}
{"$message_type":"diagnostic","level":"error","loc":{"path":"/home/williamz1008/Projects/MoonBit/qtgui/.mooncakes/Kaida-Amethyst/python/cpython/ceval.mbt","start":{"line":59,"col":1},"end":{"line":60,"col":93}},"message":"extern \"C\" is unsupported in wasm-gc backend.","error_code":4156}
{"$message_type":"diagnostic","level":"error","loc":{"path":"/home/williamz1008/Projects/MoonBit/qtgui/.mooncakes/Kaida-Amethyst/python/cpython/ceval.mbt","start":{"line":63,"col":1},"end":{"line":64,"col":93}},"message":"extern \"C\" is unsupported in wasm-gc backend.","error_code":4156}
{"$message_type":"diagnostic","level":"error","loc":{"path":"/home/williamz1008/Projects/MoonBit/qtgui/.mooncakes/Kaida-Amethyst/python/cpython/class.mbt","start":{"line":4,"col":1},"end":{"line":8,"col":34}},"message":"extern \"C\" is unsupported in wasm-gc backend.","error_code":4156}
{"$message_type":"diagnostic","level":"error","loc":{"path":"/home/williamz1008/Projects/MoonBit/qtgui/.mooncakes/Kaida-Amethyst/python/cpython/class.mbt","start":{"line":11,"col":1},"end":{"line":12,"col":91}},"message":"extern \"C\" is unsupported in wasm-gc backend.","error_code":4156}
{"$message_type":"diagnostic","level":"error","loc":{"path":"/home/williamz1008/Projects/MoonBit/qtgui/.mooncakes/Kaida-Amethyst/python/cpython/class.mbt","start":{"line":15,"col":1},"end":{"line":16,"col":83}},"message":"extern \"C\" is unsupported in wasm-gc backend.","error_code":4156}
{"$message_type":"diagnostic","level":"error","loc":{"path":"/home/williamz1008/Projects/MoonBit/qtgui/.mooncakes/Kaida-Amethyst/python/cpython/class.mbt","start":{"line":19,"col":1},"end":{"line":19,"col":80}},"message":"extern \"C\" is unsupported in wasm-gc backend.","error_code":4156}
{"$message_type":"diagnostic","level":"error","loc":{"path":"/home/williamz1008/Projects/MoonBit/qtgui/.mooncakes/Kaida-Amethyst/python/cpython/class.mbt","start":{"line":22,"col":1},"end":{"line":23,"col":98}},"message":"extern \"C\" is unsupported in wasm-gc backend.","error_code":4156}
{"$message_type":"diagnostic","level":"error","loc":{"path":"/home/williamz1008/Projects/MoonBit/qtgui/.mooncakes/Kaida-Amethyst/python/cpython/class.mbt","start":{"line":26,"col":1},"end":{"line":27,"col":108}},"message":"extern \"C\" is unsupported in wasm-gc backend.","error_code":4156}
{"$message_type":"diagnostic","level":"error","loc":{"path":"/home/williamz1008/Projects/MoonBit/qtgui/.mooncakes/Kaida-Amethyst/python/cpython/code.mbt","start":{"line":4,"col":1},"end":{"line":21,"col":36}},"message":"extern \"C\" is unsupported in wasm-gc backend.","error_code":4156}
{"$message_type":"diagnostic","level":"error","loc":{"path":"/home/williamz1008/Projects/MoonBit/qtgui/.mooncakes/Kaida-Amethyst/python/cpython/code.mbt","start":{"line":24,"col":1},"end":{"line":42,"col":51}},"message":"extern \"C\" is unsupported in wasm-gc backend.","error_code":4156}
{"$message_type":"diagnostic","level":"error","loc":{"path":"/home/williamz1008/Projects/MoonBit/qtgui/.mooncakes/Kaida-Amethyst/python/cpython/code.mbt","start":{"line":45,"col":1},"end":{"line":50,"col":41}},"message":"extern \"C\" is unsupported in wasm-gc backend.","error_code":4156}
{"$message_type":"diagnostic","level":"error","loc":{"path":"/home/williamz1008/Projects/MoonBit/qtgui/.mooncakes/Kaida-Amethyst/python/cpython/code.mbt","start":{"line":53,"col":1},"end":{"line":54,"col":95}},"message":"extern \"C\" is unsupported in wasm-gc backend.","error_code":4156}
{"$message_type":"diagnostic","level":"error","loc":{"path":"/home/williamz1008/Projects/MoonBit/qtgui/.mooncakes/Kaida-Amethyst/python/cpython/codecs.mbt","start":{"line":4,"col":1},"end":{"line":5,"col":95}},"message":"extern \"C\" is unsupported in wasm-gc backend.","error_code":4156}
{"$message_type":"diagnostic","level":"error","loc":{"path":"/home/williamz1008/Projects/MoonBit/qtgui/.mooncakes/Kaida-Amethyst/python/cpython/codecs.mbt","start":{"line":8,"col":1},"end":{"line":9,"col":92}},"message":"extern \"C\" is unsupported in wasm-gc backend.","error_code":4156}
{"$message_type":"diagnostic","level":"error","loc":{"path":"/home/williamz1008/Projects/MoonBit/qtgui/.mooncakes/Kaida-Amethyst/python/cpython/codecs.mbt","start":{"line":12,"col":1},"end":{"line":17,"col":36}},"message":"extern \"C\" is unsupported in wasm-gc backend.","error_code":4156}
{"$message_type":"diagnostic","level":"error","loc":{"path":"/home/williamz1008/Projects/MoonBit/qtgui/.mooncakes/Kaida-Amethyst/python/cpython/codecs.mbt","start":{"line":20,"col":1},"end":{"line":25,"col":36}},"message":"extern \"C\" is unsupported in wasm-gc backend.","error_code":4156}
{"$message_type":"diagnostic","level":"error","loc":{"path":"/home/williamz1008/Projects/MoonBit/qtgui/.mooncakes/Kaida-Amethyst/python/cpython/codecs.mbt","start":{"line":28,"col":1},"end":{"line":29,"col":87}},"message":"extern \"C\" is unsupported in wasm-gc backend.","error_code":4156}
{"$message_type":"diagnostic","level":"error","loc":{"path":"/home/williamz1008/Projects/MoonBit/qtgui/.mooncakes/Kaida-Amethyst/python/cpython/codecs.mbt","start":{"line":32,"col":1},"end":{"line":33,"col":87}},"message":"extern \"C\" is unsupported in wasm-gc backend.","error_code":4156}
{"$message_type":"diagnostic","level":"error","loc":{"path":"/home/williamz1008/Projects/MoonBit/qtgui/.mooncakes/Kaida-Amethyst/python/cpython/codecs.mbt","start":{"line":36,"col":1},"end":{"line":40,"col":48}},"message":"extern \"C\" is unsupported in wasm-gc backend.","error_code":4156}
{"$message_type":"diagnostic","level":"error","loc":{"path":"/home/williamz1008/Projects/MoonBit/qtgui/.mooncakes/Kaida-Amethyst/python/cpython/codecs.mbt","start":{"line":43,"col":1},"end":{"line":47,"col":48}},"message":"extern \"C\" is unsupported in wasm-gc backend.","error_code":4156}
{"$message_type":"diagnostic","level":"error","loc":{"path":"/home/williamz1008/Projects/MoonBit/qtgui/.mooncakes/Kaida-Amethyst/python/cpython/codecs.mbt","start":{"line":50,"col":1},"end":{"line":55,"col":42}},"message":"extern \"C\" is unsupported in wasm-gc backend.","error_code":4156}
{"$message_type":"diagnostic","level":"error","loc":{"path":"/home/williamz1008/Projects/MoonBit/qtgui/.mooncakes/Kaida-Amethyst/python/cpython/codecs.mbt","start":{"line":58,"col":1},"end":{"line":63,"col":42}},"message":"extern \"C\" is unsupported in wasm-gc backend.","error_code":4156}
{"$message_type":"diagnostic","level":"error","loc":{"path":"/home/williamz1008/Projects/MoonBit/qtgui/.mooncakes/Kaida-Amethyst/python/cpython/codecs.mbt","start":{"line":66,"col":1},"end":{"line":70,"col":35}},"message":"extern \"C\" is unsupported in wasm-gc backend.","error_code":4156}
{"$message_type":"diagnostic","level":"error","loc":{"path":"/home/williamz1008/Projects/MoonBit/qtgui/.mooncakes/Kaida-Amethyst/python/cpython/codecs.mbt","start":{"line":73,"col":1},"end":{"line":74,"col":92}},"message":"extern \"C\" is unsupported in wasm-gc backend.","error_code":4156}
{"$message_type":"diagnostic","level":"error","loc":{"path":"/home/williamz1008/Projects/MoonBit/qtgui/.mooncakes/Kaida-Amethyst/python/cpython/codecs.mbt","start":{"line":77,"col":1},"end":{"line":78,"col":100}},"message":"extern \"C\" is unsupported in wasm-gc backend.","error_code":4156}
{"$message_type":"diagnostic","level":"error","loc":{"path":"/home/williamz1008/Projects/MoonBit/qtgui/.mooncakes/Kaida-Amethyst/python/cpython/codecs.mbt","start":{"line":81,"col":1},"end":{"line":82,"col":100}},"message":"extern \"C\" is unsupported in wasm-gc backend.","error_code":4156}
{"$message_type":"diagnostic","level":"error","loc":{"path":"/home/williamz1008/Projects/MoonBit/qtgui/.mooncakes/Kaida-Amethyst/python/cpython/codecs.mbt","start":{"line":85,"col":1},"end":{"line":86,"col":102}},"message":"extern \"C\" is unsupported in wasm-gc backend.","error_code":4156}
{"$message_type":"diagnostic","level":"error","loc":{"path":"/home/williamz1008/Projects/MoonBit/qtgui/.mooncakes/Kaida-Amethyst/python/cpython/codecs.mbt","start":{"line":89,"col":1},"end":{"line":92,"col":53}},"message":"extern \"C\" is unsupported in wasm-gc backend.","error_code":4156}
{"$message_type":"diagnostic","level":"error","loc":{"path":"/home/williamz1008/Projects/MoonBit/qtgui/.mooncakes/Kaida-Amethyst/python/cpython/codecs.mbt","start":{"line":95,"col":1},"end":{"line":98,"col":52}},"message":"extern \"C\" is unsupported in wasm-gc backend.","error_code":4156}
{"$message_type":"diagnostic","level":"error","loc":{"path":"/home/williamz1008/Projects/MoonBit/qtgui/.mooncakes/Kaida-Amethyst/python/cpython/codecs.mbt","start":{"line":101,"col":1},"end":{"line":104,"col":47}},"message":"extern \"C\" is unsupported in wasm-gc backend.","error_code":4156}
{"$message_type":"diagnostic","level":"error","loc":{"path":"/home/williamz1008/Projects/MoonBit/qtgui/.mooncakes/Kaida-Amethyst/python/cpython/context.mbt","start":{"line":4,"col":1},"end":{"line":4,"col":68}},"message":"extern \"C\" is unsupported in wasm-gc backend.","error_code":4156}
{"$message_type":"diagnostic","level":"error","loc":{"path":"/home/williamz1008/Projects/MoonBit/qtgui/.mooncakes/Kaida-Amethyst/python/cpython/context.mbt","start":{"line":7,"col":1},"end":{"line":8,"col":85}},"message":"extern \"C\" is unsupported in wasm-gc backend.","error_code":4156}
{"$message_type":"diagnostic","level":"error","loc":{"path":"/home/williamz1008/Projects/MoonBit/qtgui/.mooncakes/Kaida-Amethyst/python/cpython/context.mbt","start":{"line":11,"col":1},"end":{"line":11,"col":85}},"message":"extern \"C\" is unsupported in wasm-gc backend.","error_code":4156}
{"$message_type":"diagnostic","level":"error","loc":{"path":"/home/williamz1008/Projects/MoonBit/qtgui/.mooncakes/Kaida-Amethyst/python/cpython/context.mbt","start":{"line":14,"col":1},"end":{"line":15,"col":79}},"message":"extern \"C\" is unsupported in wasm-gc backend.","error_code":4156}
{"$message_type":"diagnostic","level":"error","loc":{"path":"/home/williamz1008/Projects/MoonBit/qtgui/.mooncakes/Kaida-Amethyst/python/cpython/context.mbt","start":{"line":18,"col":1},"end":{"line":19,"col":77}},"message":"extern \"C\" is unsupported in wasm-gc backend.","error_code":4156}
{"$message_type":"diagnostic","level":"error","loc":{"path":"/home/williamz1008/Projects/MoonBit/qtgui/.mooncakes/Kaida-Amethyst/python/cpython/context.mbt","start":{"line":22,"col":1},"end":{"line":26,"col":38}},"message":"extern \"C\" is unsupported in wasm-gc backend.","error_code":4156}
{"$message_type":"diagnostic","level":"error","loc":{"path":"/home/williamz1008/Projects/MoonBit/qtgui/.mooncakes/Kaida-Amethyst/python/cpython/context.mbt","start":{"line":29,"col":1},"end":{"line":34,"col":30}},"message":"extern \"C\" is unsupported in wasm-gc backend.","error_code":4156}
{"$message_type":"diagnostic","level":"error","loc":{"path":"/home/williamz1008/Projects/MoonBit/qtgui/.mooncakes/Kaida-Amethyst/python/cpython/context.mbt","start":{"line":37,"col":1},"end":{"line":41,"col":38}},"message":"extern \"C\" is unsupported in wasm-gc backend.","error_code":4156}
{"$message_type":"diagnostic","level":"error","loc":{"path":"/home/williamz1008/Projects/MoonBit/qtgui/.mooncakes/Kaida-Amethyst/python/cpython/context.mbt","start":{"line":44,"col":1},"end":{"line":48,"col":32}},"message":"extern \"C\" is unsupported in wasm-gc backend.","error_code":4156}
{"$message_type":"diagnostic","level":"error","loc":{"path":"/home/williamz1008/Projects/MoonBit/qtgui/.mooncakes/Kaida-Amethyst/python/cpython/context.mbt","start":{"line":51,"col":1},"end":{"line":51,"col":97}},"message":"extern \"C\" is unsupported in wasm-gc backend.","error_code":4156}
{"$message_type":"diagnostic","level":"error","loc":{"path":"/home/williamz1008/Projects/MoonBit/qtgui/.mooncakes/Kaida-Amethyst/python/cpython/context.mbt","start":{"line":54,"col":1},"end":{"line":54,"col":82}},"message":"extern \"C\" is unsupported in wasm-gc backend.","error_code":4156}
{"$message_type":"diagnostic","level":"error","loc":{"path":"/home/williamz1008/Projects/MoonBit/qtgui/.mooncakes/Kaida-Amethyst/python/cpython/core.mbt","start":{"line":23,"col":1},"end":{"line":24,"col":80}},"message":"extern \"C\" is unsupported in wasm-gc backend.","error_code":4156}
{"$message_type":"diagnostic","level":"error","loc":{"path":"/home/williamz1008/Projects/MoonBit/qtgui/.mooncakes/Kaida-Amethyst/python/cpython/core.mbt","start":{"line":27,"col":1},"end":{"line":28,"col":80}},"message":"extern \"C\" is unsupported in wasm-gc backend.","error_code":4156}
{"$message_type":"diagnostic","level":"error","loc":{"path":"/home/williamz1008/Projects/MoonBit/qtgui/.mooncakes/Kaida-Amethyst/python/cpython/core.mbt","start":{"line":31,"col":1},"end":{"line":32,"col":116}},"message":"extern \"C\" is unsupported in wasm-gc backend.","error_code":4156}
{"$message_type":"diagnostic","level":"error","loc":{"path":"/home/williamz1008/Projects/MoonBit/qtgui/.mooncakes/Kaida-Amethyst/python/cpython/core.mbt","start":{"line":89,"col":1},"end":{"line":90,"col":90}},"message":"extern \"C\" is unsupported in wasm-gc backend.","error_code":4156}
{"$message_type":"diagnostic","level":"error","loc":{"path":"/home/williamz1008/Projects/MoonBit/qtgui/.mooncakes/Kaida-Amethyst/python/cpython/core.mbt","start":{"line":98,"col":1},"end":{"line":99,"col":71}},"message":"extern \"C\" is unsupported in wasm-gc backend.","error_code":4156}
{"$message_type":"diagnostic","level":"error","loc":{"path":"/home/williamz1008/Projects/MoonBit/qtgui/.mooncakes/Kaida-Amethyst/python/cpython/core.mbt","start":{"line":107,"col":1},"end":{"line":108,"col":61}},"message":"extern \"C\" is unsupported in wasm-gc backend.","error_code":4156}
{"$message_type":"diagnostic","level":"error","loc":{"path":"/home/williamz1008/Projects/MoonBit/qtgui/.mooncakes/Kaida-Amethyst/python/cpython/core.mbt","start":{"line":111,"col":1},"end":{"line":112,"col":61}},"message":"extern \"C\" is unsupported in wasm-gc backend.","error_code":4156}
{"$message_type":"diagnostic","level":"error","loc":{"path":"/home/williamz1008/Projects/MoonBit/qtgui/.mooncakes/Kaida-Amethyst/python/cpython/dict.mbt","start":{"line":4,"col":1},"end":{"line":4,"col":62}},"message":"extern \"C\" is unsupported in wasm-gc backend.","error_code":4156}
{"$message_type":"diagnostic","level":"error","loc":{"path":"/home/williamz1008/Projects/MoonBit/qtgui/.mooncakes/Kaida-Amethyst/python/cpython/dict.mbt","start":{"line":7,"col":1},"end":{"line":11,"col":36}},"message":"extern \"C\" is unsupported in wasm-gc backend.","error_code":4156}
{"$message_type":"diagnostic","level":"error","loc":{"path":"/home/williamz1008/Projects/MoonBit/qtgui/.mooncakes/Kaida-Amethyst/python/cpython/dict.mbt","start":{"line":14,"col":1},"end":{"line":19,"col":28}},"message":"extern \"C\" is unsupported in wasm-gc backend.","error_code":4156}
{"$message_type":"diagnostic","level":"error","loc":{"path":"/home/williamz1008/Projects/MoonBit/qtgui/.mooncakes/Kaida-Amethyst/python/cpython/dict.mbt","start":{"line":22,"col":1},"end":{"line":26,"col":28}},"message":"extern \"C\" is unsupported in wasm-gc backend.","error_code":4156}
{"$message_type":"diagnostic","level":"error","loc":{"path":"/home/williamz1008/Projects/MoonBit/qtgui/.mooncakes/Kaida-Amethyst/python/cpython/dict.mbt","start":{"line":29,"col":1},"end":{"line":30,"col":69}},"message":"extern \"C\" is unsupported in wasm-gc backend.","error_code":4156}
{"$message_type":"diagnostic","level":"error","loc":{"path":"/home/williamz1008/Projects/MoonBit/qtgui/.mooncakes/Kaida-Amethyst/python/cpython/dict.mbt","start":{"line":36,"col":1},"end":{"line":37,"col":82}},"message":"extern \"C\" is unsupported in wasm-gc backend.","error_code":4156}
{"$message_type":"diagnostic","level":"error","loc":{"path":"/home/williamz1008/Projects/MoonBit/qtgui/.mooncakes/Kaida-Amethyst/python/cpython/dict.mbt","start":{"line":40,"col":1},"end":{"line":41,"col":86}},"message":"extern \"C\" is unsupported in wasm-gc backend.","error_code":4156}
{"$message_type":"diagnostic","level":"error","loc":{"path":"/home/williamz1008/Projects/MoonBit/qtgui/.mooncakes/Kaida-Amethyst/python/cpython/dict.mbt","start":{"line":44,"col":1},"end":{"line":45,"col":84}},"message":"extern \"C\" is unsupported in wasm-gc backend.","error_code":4156}
{"$message_type":"diagnostic","level":"error","loc":{"path":"/home/williamz1008/Projects/MoonBit/qtgui/.mooncakes/Kaida-Amethyst/python/cpython/dict.mbt","start":{"line":48,"col":1},"end":{"line":49,"col":77}},"message":"extern \"C\" is unsupported in wasm-gc backend.","error_code":4156}
{"$message_type":"diagnostic","level":"error","loc":{"path":"/home/williamz1008/Projects/MoonBit/qtgui/.mooncakes/Kaida-Amethyst/python/cpython/dict.mbt","start":{"line":52,"col":1},"end":{"line":53,"col":82}},"message":"extern \"C\" is unsupported in wasm-gc backend.","error_code":4156}
{"$message_type":"diagnostic","level":"error","loc":{"path":"/home/williamz1008/Projects/MoonBit/qtgui/.mooncakes/Kaida-Amethyst/python/cpython/dict.mbt","start":{"line":56,"col":1},"end":{"line":60,"col":29}},"message":"extern \"C\" is unsupported in wasm-gc backend.","error_code":4156}
{"$message_type":"diagnostic","level":"error","loc":{"path":"/home/williamz1008/Projects/MoonBit/qtgui/.mooncakes/Kaida-Amethyst/python/cpython/dict.mbt","start":{"line":68,"col":1},"end":{"line":72,"col":27}},"message":"extern \"C\" is unsupported in wasm-gc backend.","error_code":4156}
{"$message_type":"diagnostic","level":"error","loc":{"path":"/home/williamz1008/Projects/MoonBit/qtgui/.mooncakes/Kaida-Amethyst/python/cpython/dict.mbt","start":{"line":75,"col":1},"end":{"line":80,"col":26}},"message":"extern \"C\" is unsupported in wasm-gc backend.","error_code":4156}
{"$message_type":"diagnostic","level":"error","loc":{"path":"/home/williamz1008/Projects/MoonBit/qtgui/.mooncakes/Kaida-Amethyst/python/cpython/dict.mbt","start":{"line":83,"col":1},"end":{"line":88,"col":34}},"message":"extern \"C\" is unsupported in wasm-gc backend.","error_code":4156}
{"$message_type":"diagnostic","level":"error","loc":{"path":"/home/williamz1008/Projects/MoonBit/qtgui/.mooncakes/Kaida-Amethyst/python/cpython/dict.mbt","start":{"line":91,"col":1},"end":{"line":95,"col":42}},"message":"extern \"C\" is unsupported in wasm-gc backend.","error_code":4156}
{"$message_type":"diagnostic","level":"error","loc":{"path":"/home/williamz1008/Projects/MoonBit/qtgui/.mooncakes/Kaida-Amethyst/python/cpython/dict.mbt","start":{"line":104,"col":1},"end":{"line":109,"col":34}},"message":"extern \"C\" is unsupported in wasm-gc backend.","error_code":4156}
{"$message_type":"diagnostic","level":"error","loc":{"path":"/home/williamz1008/Projects/MoonBit/qtgui/.mooncakes/Kaida-Amethyst/python/cpython/dict.mbt","start":{"line":122,"col":1},"end":{"line":123,"col":104}},"message":"extern \"C\" is unsupported in wasm-gc backend.","error_code":4156}
{"$message_type":"diagnostic","level":"error","loc":{"path":"/home/williamz1008/Projects/MoonBit/qtgui/.mooncakes/Kaida-Amethyst/python/cpython/error.mbt","start":{"line":2,"col":1},"end":{"line":2,"col":70}},"message":"extern \"C\" is unsupported in wasm-gc backend.","error_code":4156}
{"$message_type":"diagnostic","level":"error","loc":{"path":"/home/williamz1008/Projects/MoonBit/qtgui/.mooncakes/Kaida-Amethyst/python/cpython/error.mbt","start":{"line":5,"col":1},"end":{"line":5,"col":49}},"message":"extern \"C\" is unsupported in wasm-gc backend.","error_code":4156}
{"$message_type":"diagnostic","level":"error","loc":{"path":"/home/williamz1008/Projects/MoonBit/qtgui/.mooncakes/Kaida-Amethyst/python/cpython/error.mbt","start":{"line":8,"col":1},"end":{"line":8,"col":49}},"message":"extern \"C\" is unsupported in wasm-gc backend.","error_code":4156}
{"$message_type":"diagnostic","level":"error","loc":{"path":"/home/williamz1008/Projects/MoonBit/qtgui/.mooncakes/Kaida-Amethyst/python/cpython/file.mbt","start":{"line":4,"col":1},"end":{"line":14,"col":35}},"message":"extern \"C\" is unsupported in wasm-gc backend.","error_code":4156}
{"$message_type":"diagnostic","level":"error","loc":{"path":"/home/williamz1008/Projects/MoonBit/qtgui/.mooncakes/Kaida-Amethyst/python/cpython/file.mbt","start":{"line":17,"col":1},"end":{"line":18,"col":95}},"message":"extern \"C\" is unsupported in wasm-gc backend.","error_code":4156}
{"$message_type":"diagnostic","level":"error","loc":{"path":"/home/williamz1008/Projects/MoonBit/qtgui/.mooncakes/Kaida-Amethyst/python/cpython/file.mbt","start":{"line":21,"col":1},"end":{"line":26,"col":32}},"message":"extern \"C\" is unsupported in wasm-gc backend.","error_code":4156}
{"$message_type":"diagnostic","level":"error","loc":{"path":"/home/williamz1008/Projects/MoonBit/qtgui/.mooncakes/Kaida-Amethyst/python/cpython/file.mbt","start":{"line":29,"col":1},"end":{"line":30,"col":96}},"message":"extern \"C\" is unsupported in wasm-gc backend.","error_code":4156}
{"$message_type":"diagnostic","level":"error","loc":{"path":"/home/williamz1008/Projects/MoonBit/qtgui/.mooncakes/Kaida-Amethyst/python/cpython/file.mbt","start":{"line":33,"col":1},"end":{"line":34,"col":101}},"message":"extern \"C\" is unsupported in wasm-gc backend.","error_code":4156}
{"$message_type":"diagnostic","level":"error","loc":{"path":"/home/williamz1008/Projects/MoonBit/qtgui/.mooncakes/Kaida-Amethyst/python/cpython/file.mbt","start":{"line":37,"col":1},"end":{"line":37,"col":91}},"message":"extern \"C\" is unsupported in wasm-gc backend.","error_code":4156}
{"$message_type":"diagnostic","level":"error","loc":{"path":"/home/williamz1008/Projects/MoonBit/qtgui/.mooncakes/Kaida-Amethyst/python/cpython/file.mbt","start":{"line":40,"col":1},"end":{"line":41,"col":88}},"message":"extern \"C\" is unsupported in wasm-gc backend.","error_code":4156}
{"$message_type":"diagnostic","level":"error","loc":{"path":"/home/williamz1008/Projects/MoonBit/qtgui/.mooncakes/Kaida-Amethyst/python/cpython/file.mbt","start":{"line":44,"col":1},"end":{"line":45,"col":104}},"message":"extern \"C\" is unsupported in wasm-gc backend.","error_code":4156}
{"$message_type":"diagnostic","level":"error","loc":{"path":"/home/williamz1008/Projects/MoonBit/qtgui/.mooncakes/Kaida-Amethyst/python/cpython/func.mbt","start":{"line":4,"col":1},"end":{"line":8,"col":36}},"message":"extern \"C\" is unsupported in wasm-gc backend.","error_code":4156}
{"$message_type":"diagnostic","level":"error","loc":{"path":"/home/williamz1008/Projects/MoonBit/qtgui/.mooncakes/Kaida-Amethyst/python/cpython/func.mbt","start":{"line":11,"col":1},"end":{"line":16,"col":48}},"message":"extern \"C\" is unsupported in wasm-gc backend.","error_code":4156}
{"$message_type":"diagnostic","level":"error","loc":{"path":"/home/williamz1008/Projects/MoonBit/qtgui/.mooncakes/Kaida-Amethyst/python/cpython/func.mbt","start":{"line":19,"col":1},"end":{"line":20,"col":94}},"message":"extern \"C\" is unsupported in wasm-gc backend.","error_code":4156}
{"$message_type":"diagnostic","level":"error","loc":{"path":"/home/williamz1008/Projects/MoonBit/qtgui/.mooncakes/Kaida-Amethyst/python/cpython/func.mbt","start":{"line":23,"col":1},"end":{"line":24,"col":100}},"message":"extern \"C\" is unsupported in wasm-gc backend.","error_code":4156}
{"$message_type":"diagnostic","level":"error","loc":{"path":"/home/williamz1008/Projects/MoonBit/qtgui/.mooncakes/Kaida-Amethyst/python/cpython/func.mbt","start":{"line":27,"col":1},"end":{"line":28,"col":98}},"message":"extern \"C\" is unsupported in wasm-gc backend.","error_code":4156}
{"$message_type":"diagnostic","level":"error","loc":{"path":"/home/williamz1008/Projects/MoonBit/qtgui/.mooncakes/Kaida-Amethyst/python/cpython/func.mbt","start":{"line":31,"col":1},"end":{"line":32,"col":102}},"message":"extern \"C\" is unsupported in wasm-gc backend.","error_code":4156}
{"$message_type":"diagnostic","level":"error","loc":{"path":"/home/williamz1008/Projects/MoonBit/qtgui/.mooncakes/Kaida-Amethyst/python/cpython/func.mbt","start":{"line":35,"col":1},"end":{"line":39,"col":36}},"message":"extern \"C\" is unsupported in wasm-gc backend.","error_code":4156}
{"$message_type":"diagnostic","level":"error","loc":{"path":"/home/williamz1008/Projects/MoonBit/qtgui/.mooncakes/Kaida-Amethyst/python/cpython/func.mbt","start":{"line":42,"col":1},"end":{"line":43,"col":107}},"message":"extern \"C\" is unsupported in wasm-gc backend.","error_code":4156}
{"$message_type":"diagnostic","level":"error","loc":{"path":"/home/williamz1008/Projects/MoonBit/qtgui/.mooncakes/Kaida-Amethyst/python/cpython/func.mbt","start":{"line":46,"col":1},"end":{"line":50,"col":38}},"message":"extern \"C\" is unsupported in wasm-gc backend.","error_code":4156}
{"$message_type":"diagnostic","level":"error","loc":{"path":"/home/williamz1008/Projects/MoonBit/qtgui/.mooncakes/Kaida-Amethyst/python/cpython/func.mbt","start":{"line":53,"col":1},"end":{"line":54,"col":100}},"message":"extern \"C\" is unsupported in wasm-gc backend.","error_code":4156}
{"$message_type":"diagnostic","level":"error","loc":{"path":"/home/williamz1008/Projects/MoonBit/qtgui/.mooncakes/Kaida-Amethyst/python/cpython/func.mbt","start":{"line":57,"col":1},"end":{"line":61,"col":35}},"message":"extern \"C\" is unsupported in wasm-gc backend.","error_code":4156}
{"$message_type":"diagnostic","level":"error","loc":{"path":"/home/williamz1008/Projects/MoonBit/qtgui/.mooncakes/Kaida-Amethyst/python/cpython/func.mbt","start":{"line":64,"col":1},"end":{"line":65,"col":108}},"message":"extern \"C\" is unsupported in wasm-gc backend.","error_code":4156}
{"$message_type":"diagnostic","level":"error","loc":{"path":"/home/williamz1008/Projects/MoonBit/qtgui/.mooncakes/Kaida-Amethyst/python/cpython/func.mbt","start":{"line":68,"col":1},"end":{"line":72,"col":39}},"message":"extern \"C\" is unsupported in wasm-gc backend.","error_code":4156}
{"$message_type":"diagnostic","level":"error","loc":{"path":"/home/williamz1008/Projects/MoonBit/qtgui/.mooncakes/Kaida-Amethyst/python/cpython/func.mbt","start":{"line":75,"col":1},"end":{"line":76,"col":92}},"message":"extern \"C\" is unsupported in wasm-gc backend.","error_code":4156}
{"$message_type":"diagnostic","level":"error","loc":{"path":"/home/williamz1008/Projects/MoonBit/qtgui/.mooncakes/Kaida-Amethyst/python/cpython/func.mbt","start":{"line":79,"col":1},"end":{"line":80,"col":94}},"message":"extern \"C\" is unsupported in wasm-gc backend.","error_code":4156}
{"$message_type":"diagnostic","level":"error","loc":{"path":"/home/williamz1008/Projects/MoonBit/qtgui/.mooncakes/Kaida-Amethyst/python/cpython/import.mbt","start":{"line":4,"col":1},"end":{"line":4,"col":82}},"message":"extern \"C\" is unsupported in wasm-gc backend.","error_code":4156}
{"$message_type":"diagnostic","level":"error","loc":{"path":"/home/williamz1008/Projects/MoonBit/qtgui/.mooncakes/Kaida-Amethyst/python/cpython/import.mbt","start":{"line":7,"col":1},"end":{"line":7,"col":77}},"message":"extern \"C\" is unsupported in wasm-gc backend.","error_code":4156}
{"$message_type":"diagnostic","level":"error","loc":{"path":"/home/williamz1008/Projects/MoonBit/qtgui/.mooncakes/Kaida-Amethyst/python/cpython/import.mbt","start":{"line":10,"col":1},"end":{"line":14,"col":45}},"message":"extern \"C\" is unsupported in wasm-gc backend.","error_code":4156}
{"$message_type":"diagnostic","level":"error","loc":{"path":"/home/williamz1008/Projects/MoonBit/qtgui/.mooncakes/Kaida-Amethyst/python/cpython/import.mbt","start":{"line":17,"col":1},"end":{"line":22,"col":47}},"message":"extern \"C\" is unsupported in wasm-gc backend.","error_code":4156}
{"$message_type":"diagnostic","level":"error","loc":{"path":"/home/williamz1008/Projects/MoonBit/qtgui/.mooncakes/Kaida-Amethyst/python/cpython/import.mbt","start":{"line":25,"col":1},"end":{"line":31,"col":58}},"message":"extern \"C\" is unsupported in wasm-gc backend.","error_code":4156}
{"$message_type":"diagnostic","level":"error","loc":{"path":"/home/williamz1008/Projects/MoonBit/qtgui/.mooncakes/Kaida-Amethyst/python/cpython/import.mbt","start":{"line":34,"col":1},"end":{"line":40,"col":51}},"message":"extern \"C\" is unsupported in wasm-gc backend.","error_code":4156}
{"$message_type":"diagnostic","level":"error","loc":{"path":"/home/williamz1008/Projects/MoonBit/qtgui/.mooncakes/Kaida-Amethyst/python/cpython/import.mbt","start":{"line":43,"col":1},"end":{"line":43,"col":88}},"message":"extern \"C\" is unsupported in wasm-gc backend.","error_code":4156}
{"$message_type":"diagnostic","level":"error","loc":{"path":"/home/williamz1008/Projects/MoonBit/qtgui/.mooncakes/Kaida-Amethyst/python/cpython/import.mbt","start":{"line":46,"col":1},"end":{"line":47,"col":97}},"message":"extern \"C\" is unsupported in wasm-gc backend.","error_code":4156}
{"$message_type":"diagnostic","level":"error","loc":{"path":"/home/williamz1008/Projects/MoonBit/qtgui/.mooncakes/Kaida-Amethyst/python/cpython/import.mbt","start":{"line":50,"col":1},"end":{"line":53,"col":46}},"message":"extern \"C\" is unsupported in wasm-gc backend.","error_code":4156}
{"$message_type":"diagnostic","level":"error","loc":{"path":"/home/williamz1008/Projects/MoonBit/qtgui/.mooncakes/Kaida-Amethyst/python/cpython/import.mbt","start":{"line":56,"col":1},"end":{"line":57,"col":90}},"message":"extern \"C\" is unsupported in wasm-gc backend.","error_code":4156}
{"$message_type":"diagnostic","level":"error","loc":{"path":"/home/williamz1008/Projects/MoonBit/qtgui/.mooncakes/Kaida-Amethyst/python/cpython/import.mbt","start":{"line":60,"col":1},"end":{"line":61,"col":95}},"message":"extern \"C\" is unsupported in wasm-gc backend.","error_code":4156}
{"$message_type":"diagnostic","level":"error","loc":{"path":"/home/williamz1008/Projects/MoonBit/qtgui/.mooncakes/Kaida-Amethyst/python/cpython/import.mbt","start":{"line":72,"col":1},"end":{"line":73,"col":112}},"message":"extern \"C\" is unsupported in wasm-gc backend.","error_code":4156}
{"$message_type":"diagnostic","level":"error","loc":{"path":"/home/williamz1008/Projects/MoonBit/qtgui/.mooncakes/Kaida-Amethyst/python/cpython/import.mbt","start":{"line":76,"col":1},"end":{"line":83,"col":48}},"message":"extern \"C\" is unsupported in wasm-gc backend.","error_code":4156}
{"$message_type":"diagnostic","level":"error","loc":{"path":"/home/williamz1008/Projects/MoonBit/qtgui/.mooncakes/Kaida-Amethyst/python/cpython/import.mbt","start":{"line":86,"col":1},"end":{"line":93,"col":54}},"message":"extern \"C\" is unsupported in wasm-gc backend.","error_code":4156}
{"$message_type":"diagnostic","level":"error","loc":{"path":"/home/williamz1008/Projects/MoonBit/qtgui/.mooncakes/Kaida-Amethyst/python/cpython/import.mbt","start":{"line":96,"col":1},"end":{"line":97,"col":101}},"message":"extern \"C\" is unsupported in wasm-gc backend.","error_code":4156}
{"$message_type":"diagnostic","level":"error","loc":{"path":"/home/williamz1008/Projects/MoonBit/qtgui/.mooncakes/Kaida-Amethyst/python/cpython/import.mbt","start":{"line":100,"col":1},"end":{"line":101,"col":90}},"message":"extern \"C\" is unsupported in wasm-gc backend.","error_code":4156}
{"$message_type":"diagnostic","level":"error","loc":{"path":"/home/williamz1008/Projects/MoonBit/qtgui/.mooncakes/Kaida-Amethyst/python/cpython/import.mbt","start":{"line":104,"col":1},"end":{"line":105,"col":100}},"message":"extern \"C\" is unsupported in wasm-gc backend.","error_code":4156}
{"$message_type":"diagnostic","level":"error","loc":{"path":"/home/williamz1008/Projects/MoonBit/qtgui/.mooncakes/Kaida-Amethyst/python/cpython/import.mbt","start":{"line":108,"col":1},"end":{"line":108,"col":59}},"message":"extern \"C\" is unsupported in wasm-gc backend.","error_code":4156}
{"$message_type":"diagnostic","level":"error","loc":{"path":"/home/williamz1008/Projects/MoonBit/qtgui/.mooncakes/Kaida-Amethyst/python/cpython/import.mbt","start":{"line":111,"col":1},"end":{"line":114,"col":47}},"message":"extern \"C\" is unsupported in wasm-gc backend.","error_code":4156}
{"$message_type":"diagnostic","level":"error","loc":{"path":"/home/williamz1008/Projects/MoonBit/qtgui/.mooncakes/Kaida-Amethyst/python/cpython/import.mbt","start":{"line":117,"col":1},"end":{"line":118,"col":101}},"message":"extern \"C\" is unsupported in wasm-gc backend.","error_code":4156}
{"$message_type":"diagnostic","level":"error","loc":{"path":"/home/williamz1008/Projects/MoonBit/qtgui/.mooncakes/Kaida-Amethyst/python/cpython/iter.mbt","start":{"line":4,"col":1},"end":{"line":5,"col":84}},"message":"extern \"C\" is unsupported in wasm-gc backend.","error_code":4156}
{"$message_type":"diagnostic","level":"error","loc":{"path":"/home/williamz1008/Projects/MoonBit/qtgui/.mooncakes/Kaida-Amethyst/python/cpython/iter.mbt","start":{"line":8,"col":1},"end":{"line":12,"col":36}},"message":"extern \"C\" is unsupported in wasm-gc backend.","error_code":4156}
{"$message_type":"diagnostic","level":"error","loc":{"path":"/home/williamz1008/Projects/MoonBit/qtgui/.mooncakes/Kaida-Amethyst/python/cpython/lifecycle.mbt","start":{"line":2,"col":1},"end":{"line":2,"col":46}},"message":"extern \"C\" is unsupported in wasm-gc backend.","error_code":4156}
{"$message_type":"diagnostic","level":"error","loc":{"path":"/home/williamz1008/Projects/MoonBit/qtgui/.mooncakes/Kaida-Amethyst/python/cpython/lifecycle.mbt","start":{"line":5,"col":1},"end":{"line":5,"col":48}},"message":"extern \"C\" is unsupported in wasm-gc backend.","error_code":4156}
{"$message_type":"diagnostic","level":"error","loc":{"path":"/home/williamz1008/Projects/MoonBit/qtgui/.mooncakes/Kaida-Amethyst/python/cpython/lifecycle.mbt","start":{"line":8,"col":1},"end":{"line":8,"col":64}},"message":"extern \"C\" is unsupported in wasm-gc backend.","error_code":4156}
{"$message_type":"diagnostic","level":"error","loc":{"path":"/home/williamz1008/Projects/MoonBit/qtgui/.mooncakes/Kaida-Amethyst/python/cpython/list.mbt","start":{"line":4,"col":1},"end":{"line":4,"col":72}},"message":"extern \"C\" is unsupported in wasm-gc backend.","error_code":4156}
{"$message_type":"diagnostic","level":"error","loc":{"path":"/home/williamz1008/Projects/MoonBit/qtgui/.mooncakes/Kaida-Amethyst/python/cpython/list.mbt","start":{"line":7,"col":1},"end":{"line":8,"col":76}},"message":"extern \"C\" is unsupported in wasm-gc backend.","error_code":4156}
{"$message_type":"diagnostic","level":"error","loc":{"path":"/home/williamz1008/Projects/MoonBit/qtgui/.mooncakes/Kaida-Amethyst/python/cpython/list.mbt","start":{"line":11,"col":1},"end":{"line":15,"col":36}},"message":"extern \"C\" is unsupported in wasm-gc backend.","error_code":4156}
{"$message_type":"diagnostic","level":"error","loc":{"path":"/home/williamz1008/Projects/MoonBit/qtgui/.mooncakes/Kaida-Amethyst/python/cpython/list.mbt","start":{"line":18,"col":1},"end":{"line":23,"col":28}},"message":"extern \"C\" is unsupported in wasm-gc backend.","error_code":4156}
{"$message_type":"diagnostic","level":"error","loc":{"path":"/home/williamz1008/Projects/MoonBit/qtgui/.mooncakes/Kaida-Amethyst/python/cpython/list.mbt","start":{"line":26,"col":1},"end":{"line":31,"col":27}},"message":"extern \"C\" is unsupported in wasm-gc backend.","error_code":4156}
{"$message_type":"diagnostic","level":"error","loc":{"path":"/home/williamz1008/Projects/MoonBit/qtgui/.mooncakes/Kaida-Amethyst/python/cpython/list.mbt","start":{"line":34,"col":1},"end":{"line":35,"col":98}},"message":"extern \"C\" is unsupported in wasm-gc backend.","error_code":4156}
{"$message_type":"diagnostic","level":"error","loc":{"path":"/home/williamz1008/Projects/MoonBit/qtgui/.mooncakes/Kaida-Amethyst/python/cpython/list.mbt","start":{"line":38,"col":1},"end":{"line":43,"col":37}},"message":"extern \"C\" is unsupported in wasm-gc backend.","error_code":4156}
{"$message_type":"diagnostic","level":"error","loc":{"path":"/home/williamz1008/Projects/MoonBit/qtgui/.mooncakes/Kaida-Amethyst/python/cpython/list.mbt","start":{"line":46,"col":1},"end":{"line":52,"col":29}},"message":"extern \"C\" is unsupported in wasm-gc backend.","error_code":4156}
{"$message_type":"diagnostic","level":"error","loc":{"path":"/home/williamz1008/Projects/MoonBit/qtgui/.mooncakes/Kaida-Amethyst/python/cpython/list.mbt","start":{"line":55,"col":1},"end":{"line":56,"col":74}},"message":"extern \"C\" is unsupported in wasm-gc backend.","error_code":4156}
{"$message_type":"diagnostic","level":"error","loc":{"path":"/home/williamz1008/Projects/MoonBit/qtgui/.mooncakes/Kaida-Amethyst/python/cpython/list.mbt","start":{"line":59,"col":1},"end":{"line":60,"col":80}},"message":"extern \"C\" is unsupported in wasm-gc backend.","error_code":4156}
{"$message_type":"diagnostic","level":"error","loc":{"path":"/home/williamz1008/Projects/MoonBit/qtgui/.mooncakes/Kaida-Amethyst/python/cpython/list.mbt","start":{"line":63,"col":1},"end":{"line":64,"col":89}},"message":"extern \"C\" is unsupported in wasm-gc backend.","error_code":4156}
{"$message_type":"diagnostic","level":"error","loc":{"path":"/home/williamz1008/Projects/MoonBit/qtgui/.mooncakes/Kaida-Amethyst/python/cpython/module.mbt","start":{"line":4,"col":1},"end":{"line":5,"col":97}},"message":"extern \"C\" is unsupported in wasm-gc backend.","error_code":4156}
{"$message_type":"diagnostic","level":"error","loc":{"path":"/home/williamz1008/Projects/MoonBit/qtgui/.mooncakes/Kaida-Amethyst/python/cpython/module.mbt","start":{"line":12,"col":1},"end":{"line":13,"col":90}},"message":"extern \"C\" is unsupported in wasm-gc backend.","error_code":4156}
{"$message_type":"diagnostic","level":"error","loc":{"path":"/home/williamz1008/Projects/MoonBit/qtgui/.mooncakes/Kaida-Amethyst/python/cpython/module.mbt","start":{"line":16,"col":1},"end":{"line":17,"col":103}},"message":"extern \"C\" is unsupported in wasm-gc backend.","error_code":4156}
{"$message_type":"diagnostic","level":"error","loc":{"path":"/home/williamz1008/Projects/MoonBit/qtgui/.mooncakes/Kaida-Amethyst/python/cpython/module.mbt","start":{"line":20,"col":1},"end":{"line":21,"col":83}},"message":"extern \"C\" is unsupported in wasm-gc backend.","error_code":4156}
{"$message_type":"diagnostic","level":"error","loc":{"path":"/home/williamz1008/Projects/MoonBit/qtgui/.mooncakes/Kaida-Amethyst/python/cpython/module.mbt","start":{"line":24,"col":1},"end":{"line":25,"col":111}},"message":"extern \"C\" is unsupported in wasm-gc backend.","error_code":4156}
{"$message_type":"diagnostic","level":"error","loc":{"path":"/home/williamz1008/Projects/MoonBit/qtgui/.mooncakes/Kaida-Amethyst/python/cpython/number.mbt","start":{"line":4,"col":1},"end":{"line":4,"col":86}},"message":"extern \"C\" is unsupported in wasm-gc backend.","error_code":4156}
{"$message_type":"diagnostic","level":"error","loc":{"path":"/home/williamz1008/Projects/MoonBit/qtgui/.mooncakes/Kaida-Amethyst/python/cpython/number.mbt","start":{"line":9,"col":1},"end":{"line":10,"col":80}},"message":"extern \"C\" is unsupported in wasm-gc backend.","error_code":4156}
{"$message_type":"diagnostic","level":"error","loc":{"path":"/home/williamz1008/Projects/MoonBit/qtgui/.mooncakes/Kaida-Amethyst/python/cpython/number.mbt","start":{"line":15,"col":1},"end":{"line":16,"col":85}},"message":"extern \"C\" is unsupported in wasm-gc backend.","error_code":4156}
{"$message_type":"diagnostic","level":"error","loc":{"path":"/home/williamz1008/Projects/MoonBit/qtgui/.mooncakes/Kaida-Amethyst/python/cpython/number.mbt","start":{"line":21,"col":1},"end":{"line":21,"col":93}},"message":"extern \"C\" is unsupported in wasm-gc backend.","error_code":4156}
{"$message_type":"diagnostic","level":"error","loc":{"path":"/home/williamz1008/Projects/MoonBit/qtgui/.mooncakes/Kaida-Amethyst/python/cpython/number.mbt","start":{"line":24,"col":1},"end":{"line":25,"col":87}},"message":"extern \"C\" is unsupported in wasm-gc backend.","error_code":4156}
{"$message_type":"diagnostic","level":"error","loc":{"path":"/home/williamz1008/Projects/MoonBit/qtgui/.mooncakes/Kaida-Amethyst/python/cpython/number.mbt","start":{"line":28,"col":1},"end":{"line":28,"col":66}},"message":"extern \"C\" is unsupported in wasm-gc backend.","error_code":4156}
{"$message_type":"diagnostic","level":"error","loc":{"path":"/home/williamz1008/Projects/MoonBit/qtgui/.mooncakes/Kaida-Amethyst/python/cpython/number.mbt","start":{"line":31,"col":1},"end":{"line":31,"col":66}},"message":"extern \"C\" is unsupported in wasm-gc backend.","error_code":4156}
{"$message_type":"diagnostic","level":"error","loc":{"path":"/home/williamz1008/Projects/MoonBit/qtgui/.mooncakes/Kaida-Amethyst/python/cpython/number.mbt","start":{"line":34,"col":1},"end":{"line":34,"col":73}},"message":"extern \"C\" is unsupported in wasm-gc backend.","error_code":4156}
{"$message_type":"diagnostic","level":"error","loc":{"path":"/home/williamz1008/Projects/MoonBit/qtgui/.mooncakes/Kaida-Amethyst/python/cpython/number.mbt","start":{"line":37,"col":1},"end":{"line":38,"col":96}},"message":"extern \"C\" is unsupported in wasm-gc backend.","error_code":4156}
{"$message_type":"diagnostic","level":"error","loc":{"path":"/home/williamz1008/Projects/MoonBit/qtgui/.mooncakes/Kaida-Amethyst/python/cpython/number.mbt","start":{"line":43,"col":1},"end":{"line":46,"col":43}},"message":"extern \"C\" is unsupported in wasm-gc backend.","error_code":4156}
{"$message_type":"diagnostic","level":"error","loc":{"path":"/home/williamz1008/Projects/MoonBit/qtgui/.mooncakes/Kaida-Amethyst/python/cpython/number.mbt","start":{"line":49,"col":1},"end":{"line":50,"col":99}},"message":"extern \"C\" is unsupported in wasm-gc backend.","error_code":4156}
{"$message_type":"diagnostic","level":"error","loc":{"path":"/home/williamz1008/Projects/MoonBit/qtgui/.mooncakes/Kaida-Amethyst/python/cpython/number.mbt","start":{"line":53,"col":1},"end":{"line":54,"col":99}},"message":"extern \"C\" is unsupported in wasm-gc backend.","error_code":4156}
{"$message_type":"diagnostic","level":"error","loc":{"path":"/home/williamz1008/Projects/MoonBit/qtgui/.mooncakes/Kaida-Amethyst/python/cpython/number.mbt","start":{"line":59,"col":1},"end":{"line":59,"col":86}},"message":"extern \"C\" is unsupported in wasm-gc backend.","error_code":4156}
{"$message_type":"diagnostic","level":"error","loc":{"path":"/home/williamz1008/Projects/MoonBit/qtgui/.mooncakes/Kaida-Amethyst/python/cpython/object.mbt","start":{"line":2,"col":1},"end":{"line":3,"col":83}},"message":"extern \"C\" is unsupported in wasm-gc backend.","error_code":4156}
{"$message_type":"diagnostic","level":"error","loc":{"path":"/home/williamz1008/Projects/MoonBit/qtgui/.mooncakes/Kaida-Amethyst/python/cpython/object.mbt","start":{"line":6,"col":1},"end":{"line":7,"col":81}},"message":"extern \"C\" is unsupported in wasm-gc backend.","error_code":4156}
{"$message_type":"diagnostic","level":"error","loc":{"path":"/home/williamz1008/Projects/MoonBit/qtgui/.mooncakes/Kaida-Amethyst/python/cpython/object.mbt","start":{"line":10,"col":1},"end":{"line":11,"col":85}},"message":"extern \"C\" is unsupported in wasm-gc backend.","error_code":4156}
{"$message_type":"diagnostic","level":"error","loc":{"path":"/home/williamz1008/Projects/MoonBit/qtgui/.mooncakes/Kaida-Amethyst/python/cpython/object.mbt","start":{"line":14,"col":1},"end":{"line":15,"col":85}},"message":"extern \"C\" is unsupported in wasm-gc backend.","error_code":4156}
{"$message_type":"diagnostic","level":"error","loc":{"path":"/home/williamz1008/Projects/MoonBit/qtgui/.mooncakes/Kaida-Amethyst/python/cpython/object.mbt","start":{"line":18,"col":1},"end":{"line":23,"col":42}},"message":"extern \"C\" is unsupported in wasm-gc backend.","error_code":4156}
{"$message_type":"diagnostic","level":"error","loc":{"path":"/home/williamz1008/Projects/MoonBit/qtgui/.mooncakes/Kaida-Amethyst/python/cpython/object.mbt","start":{"line":26,"col":1},"end":{"line":31,"col":38}},"message":"extern \"C\" is unsupported in wasm-gc backend.","error_code":4156}
{"$message_type":"diagnostic","level":"error","loc":{"path":"/home/williamz1008/Projects/MoonBit/qtgui/.mooncakes/Kaida-Amethyst/python/cpython/object.mbt","start":{"line":34,"col":1},"end":{"line":39,"col":44}},"message":"extern \"C\" is unsupported in wasm-gc backend.","error_code":4156}
{"$message_type":"diagnostic","level":"error","loc":{"path":"/home/williamz1008/Projects/MoonBit/qtgui/.mooncakes/Kaida-Amethyst/python/cpython/object.mbt","start":{"line":48,"col":1},"end":{"line":54,"col":36}},"message":"extern \"C\" is unsupported in wasm-gc backend.","error_code":4156}
{"$message_type":"diagnostic","level":"error","loc":{"path":"/home/williamz1008/Projects/MoonBit/qtgui/.mooncakes/Kaida-Amethyst/python/cpython/object.mbt","start":{"line":67,"col":1},"end":{"line":69,"col":104}},"message":"extern \"C\" is unsupported in wasm-gc backend.","error_code":4156}
{"$message_type":"diagnostic","level":"error","loc":{"path":"/home/williamz1008/Projects/MoonBit/qtgui/.mooncakes/Kaida-Amethyst/python/cpython/object.mbt","start":{"line":78,"col":1},"end":{"line":82,"col":38}},"message":"extern \"C\" is unsupported in wasm-gc backend.","error_code":4156}
{"$message_type":"diagnostic","level":"error","loc":{"path":"/home/williamz1008/Projects/MoonBit/qtgui/.mooncakes/Kaida-Amethyst/python/cpython/object.mbt","start":{"line":85,"col":1},"end":{"line":90,"col":30}},"message":"extern \"C\" is unsupported in wasm-gc backend.","error_code":4156}
{"$message_type":"diagnostic","level":"error","loc":{"path":"/home/williamz1008/Projects/MoonBit/qtgui/.mooncakes/Kaida-Amethyst/python/cpython/object.mbt","start":{"line":93,"col":1},"end":{"line":94,"col":99}},"message":"extern \"C\" is unsupported in wasm-gc backend.","error_code":4156}
{"$message_type":"diagnostic","level":"error","loc":{"path":"/home/williamz1008/Projects/MoonBit/qtgui/.mooncakes/Kaida-Amethyst/python/cpython/object.mbt","start":{"line":97,"col":1},"end":{"line":98,"col":92}},"message":"extern \"C\" is unsupported in wasm-gc backend.","error_code":4156}
{"$message_type":"diagnostic","level":"error","loc":{"path":"/home/williamz1008/Projects/MoonBit/qtgui/.mooncakes/Kaida-Amethyst/python/cpython/object.mbt","start":{"line":101,"col":1},"end":{"line":105,"col":45}},"message":"extern \"C\" is unsupported in wasm-gc backend.","error_code":4156}
{"$message_type":"diagnostic","level":"error","loc":{"path":"/home/williamz1008/Projects/MoonBit/qtgui/.mooncakes/Kaida-Amethyst/python/cpython/object.mbt","start":{"line":108,"col":1},"end":{"line":113,"col":37}},"message":"extern \"C\" is unsupported in wasm-gc backend.","error_code":4156}
{"$message_type":"diagnostic","level":"error","loc":{"path":"/home/williamz1008/Projects/MoonBit/qtgui/.mooncakes/Kaida-Amethyst/python/cpython/object.mbt","start":{"line":119,"col":1},"end":{"line":120,"col":78}},"message":"extern \"C\" is unsupported in wasm-gc backend.","error_code":4156}
{"$message_type":"diagnostic","level":"error","loc":{"path":"/home/williamz1008/Projects/MoonBit/qtgui/.mooncakes/Kaida-Amethyst/python/cpython/object.mbt","start":{"line":128,"col":1},"end":{"line":129,"col":73}},"message":"extern \"C\" is unsupported in wasm-gc backend.","error_code":4156}
{"$message_type":"diagnostic","level":"error","loc":{"path":"/home/williamz1008/Projects/MoonBit/qtgui/.mooncakes/Kaida-Amethyst/python/cpython/object.mbt","start":{"line":132,"col":1},"end":{"line":133,"col":88}},"message":"extern \"C\" is unsupported in wasm-gc backend.","error_code":4156}
{"$message_type":"diagnostic","level":"error","loc":{"path":"/home/williamz1008/Projects/MoonBit/qtgui/.mooncakes/Kaida-Amethyst/python/cpython/object.mbt","start":{"line":136,"col":1},"end":{"line":137,"col":81}},"message":"extern \"C\" is unsupported in wasm-gc backend.","error_code":4156}
{"$message_type":"diagnostic","level":"error","loc":{"path":"/home/williamz1008/Projects/MoonBit/qtgui/.mooncakes/Kaida-Amethyst/python/cpython/object.mbt","start":{"line":140,"col":1},"end":{"line":141,"col":73}},"message":"extern \"C\" is unsupported in wasm-gc backend.","error_code":4156}
{"$message_type":"diagnostic","level":"error","loc":{"path":"/home/williamz1008/Projects/MoonBit/qtgui/.mooncakes/Kaida-Amethyst/python/cpython/object.mbt","start":{"line":144,"col":1},"end":{"line":145,"col":66}},"message":"extern \"C\" is unsupported in wasm-gc backend.","error_code":4156}
{"$message_type":"diagnostic","level":"error","loc":{"path":"/home/williamz1008/Projects/MoonBit/qtgui/.mooncakes/Kaida-Amethyst/python/cpython/object.mbt","start":{"line":148,"col":1},"end":{"line":149,"col":76}},"message":"extern \"C\" is unsupported in wasm-gc backend.","error_code":4156}
{"$message_type":"diagnostic","level":"error","loc":{"path":"/home/williamz1008/Projects/MoonBit/qtgui/.mooncakes/Kaida-Amethyst/python/cpython/object.mbt","start":{"line":152,"col":1},"end":{"line":153,"col":75}},"message":"extern \"C\" is unsupported in wasm-gc backend.","error_code":4156}
{"$message_type":"diagnostic","level":"error","loc":{"path":"/home/williamz1008/Projects/MoonBit/qtgui/.mooncakes/Kaida-Amethyst/python/cpython/object.mbt","start":{"line":162,"col":1},"end":{"line":163,"col":76}},"message":"extern \"C\" is unsupported in wasm-gc backend.","error_code":4156}
{"$message_type":"diagnostic","level":"error","loc":{"path":"/home/williamz1008/Projects/MoonBit/qtgui/.mooncakes/Kaida-Amethyst/python/cpython/object.mbt","start":{"line":171,"col":1},"end":{"line":172,"col":74}},"message":"extern \"C\" is unsupported in wasm-gc backend.","error_code":4156}
{"$message_type":"diagnostic","level":"error","loc":{"path":"/home/williamz1008/Projects/MoonBit/qtgui/.mooncakes/Kaida-Amethyst/python/cpython/object.mbt","start":{"line":185,"col":1},"end":{"line":186,"col":74}},"message":"extern \"C\" is unsupported in wasm-gc backend.","error_code":4156}
{"$message_type":"diagnostic","level":"error","loc":{"path":"/home/williamz1008/Projects/MoonBit/qtgui/.mooncakes/Kaida-Amethyst/python/cpython/object.mbt","start":{"line":199,"col":1},"end":{"line":200,"col":72}},"message":"extern \"C\" is unsupported in wasm-gc backend.","error_code":4156}
{"$message_type":"diagnostic","level":"error","loc":{"path":"/home/williamz1008/Projects/MoonBit/qtgui/.mooncakes/Kaida-Amethyst/python/cpython/object.mbt","start":{"line":213,"col":1},"end":{"line":214,"col":72}},"message":"extern \"C\" is unsupported in wasm-gc backend.","error_code":4156}
{"$message_type":"diagnostic","level":"error","loc":{"path":"/home/williamz1008/Projects/MoonBit/qtgui/.mooncakes/Kaida-Amethyst/python/cpython/object.mbt","start":{"line":227,"col":1},"end":{"line":228,"col":76}},"message":"extern \"C\" is unsupported in wasm-gc backend.","error_code":4156}
{"$message_type":"diagnostic","level":"error","loc":{"path":"/home/williamz1008/Projects/MoonBit/qtgui/.mooncakes/Kaida-Amethyst/python/cpython/object.mbt","start":{"line":241,"col":1},"end":{"line":242,"col":78}},"message":"extern \"C\" is unsupported in wasm-gc backend.","error_code":4156}
{"$message_type":"diagnostic","level":"error","loc":{"path":"/home/williamz1008/Projects/MoonBit/qtgui/.mooncakes/Kaida-Amethyst/python/cpython/object.mbt","start":{"line":255,"col":1},"end":{"line":256,"col":74}},"message":"extern \"C\" is unsupported in wasm-gc backend.","error_code":4156}
{"$message_type":"diagnostic","level":"error","loc":{"path":"/home/williamz1008/Projects/MoonBit/qtgui/.mooncakes/Kaida-Amethyst/python/cpython/object.mbt","start":{"line":269,"col":1},"end":{"line":270,"col":78}},"message":"extern \"C\" is unsupported in wasm-gc backend.","error_code":4156}
{"$message_type":"diagnostic","level":"error","loc":{"path":"/home/williamz1008/Projects/MoonBit/qtgui/.mooncakes/Kaida-Amethyst/python/cpython/object.mbt","start":{"line":283,"col":1},"end":{"line":284,"col":80}},"message":"extern \"C\" is unsupported in wasm-gc backend.","error_code":4156}
{"$message_type":"diagnostic","level":"error","loc":{"path":"/home/williamz1008/Projects/MoonBit/qtgui/.mooncakes/Kaida-Amethyst/python/cpython/object.mbt","start":{"line":297,"col":1},"end":{"line":298,"col":83}},"message":"extern \"C\" is unsupported in wasm-gc backend.","error_code":4156}
{"$message_type":"diagnostic","level":"error","loc":{"path":"/home/williamz1008/Projects/MoonBit/qtgui/.mooncakes/Kaida-Amethyst/python/cpython/object.mbt","start":{"line":311,"col":1},"end":{"line":312,"col":74}},"message":"extern \"C\" is unsupported in wasm-gc backend.","error_code":4156}
{"$message_type":"diagnostic","level":"error","loc":{"path":"/home/williamz1008/Projects/MoonBit/qtgui/.mooncakes/Kaida-Amethyst/python/cpython/odict.mbt","start":{"line":4,"col":1},"end":{"line":4,"col":64}},"message":"extern \"C\" is unsupported in wasm-gc backend.","error_code":4156}
{"$message_type":"diagnostic","level":"error","loc":{"path":"/home/williamz1008/Projects/MoonBit/qtgui/.mooncakes/Kaida-Amethyst/python/cpython/odict.mbt","start":{"line":7,"col":1},"end":{"line":12,"col":29}},"message":"extern \"C\" is unsupported in wasm-gc backend.","error_code":4156}
{"$message_type":"diagnostic","level":"error","loc":{"path":"/home/williamz1008/Projects/MoonBit/qtgui/.mooncakes/Kaida-Amethyst/python/cpython/odict.mbt","start":{"line":15,"col":1},"end":{"line":16,"col":100}},"message":"extern \"C\" is unsupported in wasm-gc backend.","error_code":4156}
{"$message_type":"diagnostic","level":"error","loc":{"path":"/home/williamz1008/Projects/MoonBit/qtgui/.mooncakes/Kaida-Amethyst/python/cpython/set.mbt","start":{"line":4,"col":1},"end":{"line":5,"col":75}},"message":"extern \"C\" is unsupported in wasm-gc backend.","error_code":4156}
{"$message_type":"diagnostic","level":"error","loc":{"path":"/home/williamz1008/Projects/MoonBit/qtgui/.mooncakes/Kaida-Amethyst/python/cpython/set.mbt","start":{"line":8,"col":1},"end":{"line":9,"col":88}},"message":"extern \"C\" is unsupported in wasm-gc backend.","error_code":4156}
{"$message_type":"diagnostic","level":"error","loc":{"path":"/home/williamz1008/Projects/MoonBit/qtgui/.mooncakes/Kaida-Amethyst/python/cpython/set.mbt","start":{"line":12,"col":1},"end":{"line":13,"col":88}},"message":"extern \"C\" is unsupported in wasm-gc backend.","error_code":4156}
{"$message_type":"diagnostic","level":"error","loc":{"path":"/home/williamz1008/Projects/MoonBit/qtgui/.mooncakes/Kaida-Amethyst/python/cpython/set.mbt","start":{"line":16,"col":1},"end":{"line":17,"col":73}},"message":"extern \"C\" is unsupported in wasm-gc backend.","error_code":4156}
{"$message_type":"diagnostic","level":"error","loc":{"path":"/home/williamz1008/Projects/MoonBit/qtgui/.mooncakes/Kaida-Amethyst/python/cpython/set.mbt","start":{"line":20,"col":1},"end":{"line":24,"col":28}},"message":"extern \"C\" is unsupported in wasm-gc backend.","error_code":4156}
{"$message_type":"diagnostic","level":"error","loc":{"path":"/home/williamz1008/Projects/MoonBit/qtgui/.mooncakes/Kaida-Amethyst/python/cpython/set.mbt","start":{"line":27,"col":1},"end":{"line":28,"col":96}},"message":"extern \"C\" is unsupported in wasm-gc backend.","error_code":4156}
{"$message_type":"diagnostic","level":"error","loc":{"path":"/home/williamz1008/Projects/MoonBit/qtgui/.mooncakes/Kaida-Amethyst/python/cpython/set.mbt","start":{"line":31,"col":1},"end":{"line":32,"col":77}},"message":"extern \"C\" is unsupported in wasm-gc backend.","error_code":4156}
{"$message_type":"diagnostic","level":"error","loc":{"path":"/home/williamz1008/Projects/MoonBit/qtgui/.mooncakes/Kaida-Amethyst/python/cpython/set.mbt","start":{"line":35,"col":1},"end":{"line":36,"col":76}},"message":"extern \"C\" is unsupported in wasm-gc backend.","error_code":4156}
{"$message_type":"diagnostic","level":"error","loc":{"path":"/home/williamz1008/Projects/MoonBit/qtgui/.mooncakes/Kaida-Amethyst/python/cpython/tuple.mbt","start":{"line":4,"col":1},"end":{"line":4,"col":74}},"message":"extern \"C\" is unsupported in wasm-gc backend.","error_code":4156}
{"$message_type":"diagnostic","level":"error","loc":{"path":"/home/williamz1008/Projects/MoonBit/qtgui/.mooncakes/Kaida-Amethyst/python/cpython/tuple.mbt","start":{"line":7,"col":1},"end":{"line":8,"col":79}},"message":"extern \"C\" is unsupported in wasm-gc backend.","error_code":4156}
{"$message_type":"diagnostic","level":"error","loc":{"path":"/home/williamz1008/Projects/MoonBit/qtgui/.mooncakes/Kaida-Amethyst/python/cpython/tuple.mbt","start":{"line":11,"col":1},"end":{"line":15,"col":37}},"message":"extern \"C\" is unsupported in wasm-gc backend.","error_code":4156}
{"$message_type":"diagnostic","level":"error","loc":{"path":"/home/williamz1008/Projects/MoonBit/qtgui/.mooncakes/Kaida-Amethyst/python/cpython/tuple.mbt","start":{"line":18,"col":1},"end":{"line":23,"col":29}},"message":"extern \"C\" is unsupported in wasm-gc backend.","error_code":4156}
{"$message_type":"diagnostic","level":"error","loc":{"path":"/home/williamz1008/Projects/MoonBit/qtgui/.mooncakes/Kaida-Amethyst/python/cpython/unicode.mbt","start":{"line":4,"col":1},"end":{"line":8,"col":49}},"message":"extern \"C\" is unsupported in wasm-gc backend.","error_code":4156}
{"$message_type":"diagnostic","level":"error","loc":{"path":"/home/williamz1008/Projects/MoonBit/qtgui/.mooncakes/Kaida-Amethyst/python/cpython/unicode.mbt","start":{"line":11,"col":1},"end":{"line":15,"col":49}},"message":"extern \"C\" is unsupported in wasm-gc backend.","error_code":4156}
{"$message_type":"diagnostic","level":"error","loc":{"path":"/home/williamz1008/Projects/MoonBit/qtgui/.mooncakes/Kaida-Amethyst/python/cpython/unicode.mbt","start":{"line":18,"col":1},"end":{"line":19,"col":89}},"message":"extern \"C\" is unsupported in wasm-gc backend.","error_code":4156}
{"$message_type":"diagnostic","level":"error","loc":{"path":"/home/williamz1008/Projects/MoonBit/qtgui/.mooncakes/Kaida-Amethyst/python/cpython/unicode.mbt","start":{"line":30,"col":1},"end":{"line":31,"col":81}},"message":"extern \"C\" is unsupported in wasm-gc backend.","error_code":4156}
{"$message_type":"diagnostic","level":"error","loc":{"path":"/home/williamz1008/Projects/MoonBit/qtgui/.mooncakes/Kaida-Amethyst/python/cpython/unicode.mbt","start":{"line":34,"col":1},"end":{"line":35,"col":105}},"message":"extern \"C\" is unsupported in wasm-gc backend.","error_code":4156}
{"$message_type":"diagnostic","level":"error","loc":{"path":"/home/williamz1008/Projects/MoonBit/qtgui/.mooncakes/Kaida-Amethyst/python/cpython/unicode.mbt","start":{"line":38,"col":1},"end":{"line":39,"col":107}},"message":"extern \"C\" is unsupported in wasm-gc backend.","error_code":4156}
{"$message_type":"diagnostic","level":"error","loc":{"path":"/home/williamz1008/Projects/MoonBit/qtgui/.mooncakes/Kaida-Amethyst/python/cpython/unicode.mbt","start":{"line":48,"col":1},"end":{"line":53,"col":47}},"message":"extern \"C\" is unsupported in wasm-gc backend.","error_code":4156}
